#
# A fatal error has been detected by the Java Runtime Environment:
#
#  SIGSEGV (0xb) at pc=0x00007f703eee6003, pid=12526, tid=0x00007f7028cfc700
#
# JRE version: OpenJDK Runtime Environment (8.0_292-b10) (build 1.8.0_292-8u292-b10-0ubuntu1~20.04-b10)
# Java VM: OpenJDK 64-Bit Server VM (25.292-b10 mixed mode linux-amd64 compressed oops)
# Problematic frame:
# V  [libjvm.so+0x9de003]
#
# Failed to write core dump. Core dumps have been disabled. To enable core dumping, try "ulimit -c unlimited" before starting Java again
#
# If you would like to submit a bug report, please visit:
#   http://bugreport.java.com/bugreport/crash.jsp
#

---------------  T H R E A D  ---------------

Current thread (0x00007f7038028800):  GCTaskThread [stack: 0x00007f7028bfd000,0x00007f7028cfd000] [id=12534]

siginfo: si_signo: 11 (SIGSEGV), si_code: 1 (SEGV_MAPERR), si_addr: 0x00000000034803a0

Registers:
RAX=0x0000000000000001, RBX=0x00007f7038156bb0, RCX=0x0000000000000003, RDX=0x0000000000000000
RSP=0x00007f7028cfbc20, RBP=0x00007f7028cfbce0, RSI=0x00007f703f2c1f20, RDI=0x0000000003480398
R8 =0x00007f703f2ec6c0, R9 =0x0000000000001152, R10=0x00007f7027f7e4ec, R11=0x4890000024000240
R12=0x000000066288c8f0, R13=0x000000062d1d2890, R14=0x000000062e2648a0, R15=0x000000062e263d48
RIP=0x00007f703eee6003, EFLAGS=0x0000000000010202, CSGSFS=0x002b000000000033, ERR=0x0000000000000004
  TRAPNO=0x000000000000000e

Top of Stack: (sp=0x00007f7028cfbc20)
0x00007f7028cfbc20:   00007f703f31b050 000000072f893ab8
0x00007f7028cfbc30:   0000000000800000 0000000000424800
0x00007f7028cfbc40:   0000000000000003 00007f7038156bf8
0x00007f7028cfbc50:   04fec9ee000030af 000000065ae991f8
0x00007f7028cfbc60:   00007f703f31b050 00007f703f31b050
0x00007f7028cfbc70:   000000062d1d2890 569884e200424000
0x00007f7028cfbc80:   0003ff160000048c 00007f7000424000
0x00007f7028cfbc90:   0003ff170000048c 00007f7028cfbcf0
0x00007f7028cfbca0:   00007f7038028e60 569884e2d8fd5300
0x00007f7028cfbcb0:   00007f7028cfbda0 00007f7038156bb0
0x00007f7028cfbcc0:   0000000000000005 00000006678f4f08
0x00007f7028cfbcd0:   000000062d1d2890 000000062d5508a0
0x00007f7028cfbce0:   00007f7028cfbda0 00007f703eecdb7e
0x00007f7028cfbcf0:   00007f703f2272b0 0000000500000000
0x00007f7028cfbd00:   0000000000800000 0000000000000003
0x00007f7028cfbd10:   00007f6fcc022ae0 00000000000df800
0x00007f7028cfbd20:   4a3cd8563801f200 0000000000000000
0x00007f7028cfbd30:   000000062d1d2890 00007f70000df000
0x00007f7028cfbd40:   000000062d1d2890 00007f70000df800
0x00007f7028cfbd50:   00007f703801f180 00007f703801f180
0x00007f7028cfbd60:   00007f7028cfbda0 569884e2d8fd5300
0x00007f7028cfbd70:   00007f7028cfbda0 0000000000000000
0x00007f7028cfbd80:   00007f6fcc022ae0 00007f7038028800
0x00007f7028cfbd90:   00007f703f2dfed0 0000000000000001
0x00007f7028cfbda0:   00007f7028cfbeb0 00007f703eacff6b
0x00007f7028cfbdb0:   00000000000003d8 00007f7028cfbdf8
0x00007f7028cfbdc0:   00007f7038028e60 00007f7038029288
0x00007f7028cfbdd0:   00007f7038028eb0 00007f7028cfbe40
0x00007f7028cfbde0:   00007f7038028ea0 00007f703f0c5086
0x00007f7028cfbdf0:   0000000000000000 0000000000000000
0x00007f7028cfbe00:   00007f7038028800 00007f7038029290
0x00007f7028cfbe10:   00007f70380292d0 00007f70380292e0 

Instructions: (pc=0x00007f703eee6003)
0x00007f703eee5fe3:   0f b6 00 84 c0 0f 84 5a 06 00 00 48 8d 35 2b bf
0x00007f703eee5ff3:   3d 00 41 8b 7c 24 08 8b 4e 08 48 d3 e7 48 03 3e
0x00007f703eee6003:   8b 4f 08 85 c9 0f 8e f2 05 00 00 f6 c1 01 74 1a
0x00007f703eee6013:   48 8b 07 48 8d 35 43 f1 94 ff 48 8b 80 e8 00 00 

Register to memory mapping:

RAX=0x0000000000000001 is an unknown value
RBX=0x00007f7038156bb0 is an unknown value
RCX=0x0000000000000003 is an unknown value
RDX=0x0000000000000000 is an unknown value
RSP=0x00007f7028cfbc20 is an unknown value
RBP=0x00007f7028cfbce0 is an unknown value
RSI=0x00007f703f2c1f20: <offset 0xdb9f20> in /usr/lib/jvm/java-8-openjdk-amd64/jre/lib/amd64/server/libjvm.so at 0x00007f703e508000
RDI=0x0000000003480398 is an unknown value
R8 =0x00007f703f2ec6c0: <offset 0xde46c0> in /usr/lib/jvm/java-8-openjdk-amd64/jre/lib/amd64/server/libjvm.so at 0x00007f703e508000
R9 =0x0000000000001152 is an unknown value
R10=0x00007f7027f7e4ec is an unknown value
R11=0x4890000024000240 is an unknown value
R12=0x000000066288c8f0 is pointing into object: 0x000000066288c8b8
[C 
 - klass: {type array char}
 - length: 29
R13=0x000000062d1d2890 is an oop
[Ljava.lang.Object; 
 - klass: 'java/lang/Object'[]
 - length: 8388608
R14=0x000000062e2648a0 is pointing into object: 0x000000062d1d2890
[Ljava.lang.Object; 
 - klass: 'java/lang/Object'[]
 - length: 8388608
R15=0x000000062e263d48 is pointing into object: 0x000000062d1d2890
[Ljava.lang.Object; 
 - klass: 'java/lang/Object'[]
 - length: 8388608


Stack: [0x00007f7028bfd000,0x00007f7028cfd000],  sp=0x00007f7028cfbc20,  free space=1019k
Native frames: (J=compiled Java code, j=interpreted, Vv=VM code, C=native code)
V  [libjvm.so+0x9de003]
V  [libjvm.so+0x9c5b7e]
V  [libjvm.so+0x5c7f6b]
V  [libjvm.so+0x97d790]


---------------  P R O C E S S  ---------------

Java Threads: ( => current thread )
  0x00007f6f5c04d000 JavaThread "Grizzly" daemon [_thread_blocked, id=13401, stack(0x00007f7006bb2000,0x00007f7006cb3000)]
  0x00007f6f64038000 JavaThread "Grizzly-2222(5)" daemon [_thread_blocked, id=13400, stack(0x00007f7006eb3000,0x00007f7006fb4000)]
  0x00007f6f64036800 JavaThread "Grizzly-2222(4)" daemon [_thread_blocked, id=13399, stack(0x00007f7006fb4000,0x00007f70070b5000)]
  0x00007f6f64033000 JavaThread "Grizzly-2222(3)" daemon [_thread_blocked, id=13398, stack(0x00007f70070b5000,0x00007f70071b6000)]
  0x00007f6f64032000 JavaThread "Grizzly-2222(2)" daemon [_thread_blocked, id=13397, stack(0x00007f70071b6000,0x00007f70072b7000)]
  0x00007f6f64031000 JavaThread "Grizzly-2222(1)" daemon [_thread_blocked, id=13396, stack(0x00007f70072b7000,0x00007f70073b8000)]
  0x00007f70389fc800 JavaThread "SelectorThread-2222" [_thread_blocked, id=12768, stack(0x00007f70073b8000,0x00007f70074b9000)]
  0x00007f6f70011000 JavaThread "Grizzly-kernel-thread(1)" daemon [_thread_in_native, id=12758, stack(0x00007f700c0f9000,0x00007f700c1fa000)]
  0x00007f70389f7800 JavaThread "SelectorThread-2222" [_thread_blocked, id=12757, stack(0x00007f700c1fa000,0x00007f700c2fb000)]
  0x00007f703837a800 JavaThread "Service Thread" daemon [_thread_blocked, id=12563, stack(0x00007f700cbfc000,0x00007f700ccfd000)]
  0x00007f7038377800 JavaThread "C1 CompilerThread11" daemon [_thread_blocked, id=12562, stack(0x00007f700ccfe000,0x00007f700cdfe000)]
  0x00007f7038375000 JavaThread "C1 CompilerThread10" daemon [_thread_blocked, id=12561, stack(0x00007f700cdff000,0x00007f700ceff000)]
  0x00007f7038373000 JavaThread "C1 CompilerThread9" daemon [_thread_blocked, id=12560, stack(0x00007f700cf00000,0x00007f700d000000)]
  0x00007f7038371000 JavaThread "C1 CompilerThread8" daemon [_thread_blocked, id=12559, stack(0x00007f700d001000,0x00007f700d101000)]
  0x00007f703836e800 JavaThread "C2 CompilerThread7" daemon [_thread_blocked, id=12558, stack(0x00007f700d102000,0x00007f700d202000)]
  0x00007f703836c800 JavaThread "C2 CompilerThread6" daemon [_thread_blocked, id=12557, stack(0x00007f700d203000,0x00007f700d303000)]
  0x00007f703836a800 JavaThread "C2 CompilerThread5" daemon [_thread_blocked, id=12556, stack(0x00007f700d304000,0x00007f700d404000)]
  0x00007f7038368000 JavaThread "C2 CompilerThread4" daemon [_thread_blocked, id=12555, stack(0x00007f700d405000,0x00007f700d505000)]
  0x00007f7038366000 JavaThread "C2 CompilerThread3" daemon [_thread_blocked, id=12554, stack(0x00007f700d506000,0x00007f700d606000)]
  0x00007f7038364000 JavaThread "C2 CompilerThread2" daemon [_thread_blocked, id=12553, stack(0x00007f700d607000,0x00007f700d707000)]
  0x00007f7038362000 JavaThread "C2 CompilerThread1" daemon [_thread_blocked, id=12552, stack(0x00007f700d708000,0x00007f700d808000)]
  0x00007f703835f000 JavaThread "C2 CompilerThread0" daemon [_thread_blocked, id=12551, stack(0x00007f700d809000,0x00007f700d909000)]
  0x00007f7038359800 JavaThread "Signal Dispatcher" daemon [_thread_blocked, id=12550, stack(0x00007f700d909000,0x00007f700da0a000)]
  0x00007f703832b800 JavaThread "Finalizer" daemon [_thread_blocked, id=12549, stack(0x00007f700e7e8000,0x00007f700e8e9000)]
  0x00007f7038327000 JavaThread "Reference Handler" daemon [_thread_blocked, id=12548, stack(0x00007f700e8e9000,0x00007f700e9ea000)]
  0x00007f703800a800 JavaThread "main" [_thread_blocked, id=12527, stack(0x00007f703e0bc000,0x00007f703e1bc000)]

Other Threads:
  0x00007f703831d800 VMThread [stack: 0x00007f700e9eb000,0x00007f700eaeb000] [id=12547]
  0x00007f703837d000 WatcherThread [stack: 0x00007f700cafc000,0x00007f700cbfc000] [id=12564]

=>0x00007f7038028800 (exited) GCTaskThread [stack: 0x00007f7028bfd000,0x00007f7028cfd000] [id=12534]

VM state:at safepoint (normal execution)

VM Mutex/Monitor currently owned by a thread:  ([mutex/lock_event])
[0x00007f7038007d80] Threads_lock - owner thread: 0x00007f703831d800
[0x00007f7038008280] Heap_lock - owner thread: 0x00007f6f64032000

heap address: 0x00000005cb000000, size: 8016 MB, Compressed Oops mode: Zero based, Oop shift amount: 3
Narrow klass base: 0x0000000000000000, Narrow klass shift: 3
Compressed class space size: 1073741824 Address: 0x00000007c0000000

Heap:
 PSYoungGen      total 1824256K, used 912384K [0x0000000719000000, 0x00000007c0000000, 0x00000007c0000000)
  eden space 912384K, 100% used [0x0000000719000000,0x0000000750b00000,0x0000000750b00000)
  from space 911872K, 0% used [0x0000000788580000,0x0000000788580000,0x00000007c0000000)
  to   space 911872K, 0% used [0x0000000750b00000,0x0000000750b00000,0x0000000788580000)
 ParOldGen       total 5472256K, used 5472203K [0x00000005cb000000, 0x0000000719000000, 0x0000000719000000)
  object space 5472256K, 99% used [0x00000005cb000000,0x0000000718ff2cc0,0x0000000719000000)
 Metaspace       used 31102K, capacity 31438K, committed 31872K, reserved 1077248K
  class space    used 3827K, capacity 3919K, committed 3968K, reserved 1048576K

Card table byte_map: [0x00007f703cce5000,0x00007f703dc8e000] byte_map_base: 0x00007f7039e8d000

Marking Bits: (ParMarkBitMap*) 0x00007f703f2ec6c0
 Begin Bits: [0x00007f6fb8580000, 0x00007f6fc02c0000)
 End Bits:   [0x00007f6fc02c0000, 0x00007f6fc8000000)

Polling page: 0x00007f703f5a1000

CodeCache: size=245760Kb used=20964Kb max_used=21201Kb free=224795Kb
 bounds [0x00007f7029000000, 0x00007f702a4f0000, 0x00007f7038000000]
 total_blobs=6419 nmethods=5876 adapters=453
 compilation: enabled

Compilation events (10 events):
Event: 796,748 Thread 0x00007f7038368000 7538       4       com.sun.grizzly.util.http.HttpRequestURIDecoder::normalizeBytes (412 bytes)
Event: 796,754 Thread 0x00007f7038368000 nmethod 7538 0x00007f7029e7d290 code [0x00007f7029e7d400, 0x00007f7029e7d8b8]
Event: 797,813 Thread 0x00007f703835f000 7539       4       scala.collection.immutable.Set$Set3::foreach (34 bytes)
Event: 797,813 Thread 0x00007f703835f000 nmethod 7539 0x00007f7029914250 code [0x00007f70299143a0, 0x00007f7029914478]
Event: 801,094 Thread 0x00007f703836a800 7540       4       com.sun.jersey.spi.container.servlet.WebComponent::getHeaders (96 bytes)
Event: 801,098 Thread 0x00007f703836a800 nmethod 7540 0x00007f7029e7f810 code [0x00007f7029e7fa00, 0x00007f7029e80120]
Event: 805,823 Thread 0x00007f7038366000 7541       4       java.util.Formatter$FormatSpecifier::justify (105 bytes)
Event: 805,824 Thread 0x00007f7038366000 nmethod 7541 0x00007f7029a31250 code [0x00007f7029a313a0, 0x00007f7029a31438]
Event: 808,521 Thread 0x00007f7038362000 7542       4       java.util.StringTokenizer::skipDelimiters (116 bytes)
Event: 808,525 Thread 0x00007f7038362000 nmethod 7542 0x00007f70298e1650 code [0x00007f70298e17c0, 0x00007f70298e1a78]

GC Heap History (10 events):
Event: 791,793 GC heap after
Heap after GC invocations=135 (full 119):
 PSYoungGen      total 1824256K, used 370181K [0x0000000719000000, 0x00000007c0000000, 0x00000007c0000000)
  eden space 912384K, 40% used [0x0000000719000000,0x000000072f981578,0x0000000750b00000)
  from space 911872K, 0% used [0x0000000788580000,0x0000000788580000,0x00000007c0000000)
  to   space 911872K, 0% used [0x0000000750b00000,0x0000000750b00000,0x0000000788580000)
 ParOldGen       total 5472256K, used 5472203K [0x00000005cb000000, 0x0000000719000000, 0x0000000719000000)
  object space 5472256K, 99% used [0x00000005cb000000,0x0000000718ff2cc0,0x0000000719000000)
 Metaspace       used 31102K, capacity 31438K, committed 31872K, reserved 1077248K
  class space    used 3827K, capacity 3919K, committed 3968K, reserved 1048576K
}
Event: 794,206 GC heap before
{Heap before GC invocations=136 (full 120):
 PSYoungGen      total 1824256K, used 912384K [0x0000000719000000, 0x00000007c0000000, 0x00000007c0000000)
  eden space 912384K, 100% used [0x0000000719000000,0x0000000750b00000,0x0000000750b00000)
  from space 911872K, 0% used [0x0000000788580000,0x0000000788580000,0x00000007c0000000)
  to   space 911872K, 0% used [0x0000000750b00000,0x0000000750b00000,0x0000000788580000)
 ParOldGen       total 5472256K, used 5472203K [0x00000005cb000000, 0x0000000719000000, 0x0000000719000000)
  object space 5472256K, 99% used [0x00000005cb000000,0x0000000718ff2cc0,0x0000000719000000)
 Metaspace       used 31102K, capacity 31438K, committed 31872K, reserved 1077248K
  class space    used 3827K, capacity 3919K, committed 3968K, reserved 1048576K
Event: 795,499 GC heap after
Heap after GC invocations=136 (full 120):
 PSYoungGen      total 1824256K, used 370157K [0x0000000719000000, 0x00000007c0000000, 0x00000007c0000000)
  eden space 912384K, 40% used [0x0000000719000000,0x000000072f97b570,0x0000000750b00000)
  from space 911872K, 0% used [0x0000000788580000,0x0000000788580000,0x00000007c0000000)
  to   space 911872K, 0% used [0x0000000750b00000,0x0000000750b00000,0x0000000788580000)
 ParOldGen       total 5472256K, used 5472203K [0x00000005cb000000, 0x0000000719000000, 0x0000000719000000)
  object space 5472256K, 99% used [0x00000005cb000000,0x0000000718ff2cc0,0x0000000719000000)
 Metaspace       used 31102K, capacity 31438K, committed 31872K, reserved 1077248K
  class space    used 3827K, capacity 3919K, committed 3968K, reserved 1048576K
}
Event: 798,204 GC heap before
{Heap before GC invocations=137 (full 121):
 PSYoungGen      total 1824256K, used 912384K [0x0000000719000000, 0x00000007c0000000, 0x00000007c0000000)
  eden space 912384K, 100% used [0x0000000719000000,0x0000000750b00000,0x0000000750b00000)
  from space 911872K, 0% used [0x0000000788580000,0x0000000788580000,0x00000007c0000000)
  to   space 911872K, 0% used [0x0000000750b00000,0x0000000750b00000,0x0000000788580000)
 ParOldGen       total 5472256K, used 5472203K [0x00000005cb000000, 0x0000000719000000, 0x0000000719000000)
  object space 5472256K, 99% used [0x00000005cb000000,0x0000000718ff2cc0,0x0000000719000000)
 Metaspace       used 31102K, capacity 31438K, committed 31872K, reserved 1077248K
  class space    used 3827K, capacity 3919K, committed 3968K, reserved 1048576K
Event: 799,516 GC heap after
Heap after GC invocations=137 (full 121):
 PSYoungGen      total 1824256K, used 370066K [0x0000000719000000, 0x00000007c0000000, 0x00000007c0000000)
  eden space 912384K, 40% used [0x0000000719000000,0x000000072f964810,0x0000000750b00000)
  from space 911872K, 0% used [0x0000000788580000,0x0000000788580000,0x00000007c0000000)
  to   space 911872K, 0% used [0x0000000750b00000,0x0000000750b00000,0x0000000788580000)
 ParOldGen       total 5472256K, used 5472203K [0x00000005cb000000, 0x0000000719000000, 0x0000000719000000)
  object space 5472256K, 99% used [0x00000005cb000000,0x0000000718ff2cc0,0x0000000719000000)
 Metaspace       used 31102K, capacity 31438K, committed 31872K, reserved 1077248K
  class space    used 3827K, capacity 3919K, committed 3968K, reserved 1048576K
}
Event: 802,537 GC heap before
{Heap before GC invocations=138 (full 122):
 PSYoungGen      total 1824256K, used 912384K [0x0000000719000000, 0x00000007c0000000, 0x00000007c0000000)
  eden space 912384K, 100% used [0x0000000719000000,0x0000000750b00000,0x0000000750b00000)
  from space 911872K, 0% used [0x0000000788580000,0x0000000788580000,0x00000007c0000000)
  to   space 911872K, 0% used [0x0000000750b00000,0x0000000750b00000,0x0000000788580000)
 ParOldGen       total 5472256K, used 5472203K [0x00000005cb000000, 0x0000000719000000, 0x0000000719000000)
  object space 5472256K, 99% used [0x00000005cb000000,0x0000000718ff2cc0,0x0000000719000000)
 Metaspace       used 31102K, capacity 31438K, committed 31872K, reserved 1077248K
  class space    used 3827K, capacity 3919K, committed 3968K, reserved 1048576K
Event: 803,853 GC heap after
Heap after GC invocations=138 (full 122):
 PSYoungGen      total 1824256K, used 370486K [0x0000000719000000, 0x00000007c0000000, 0x00000007c0000000)
  eden space 912384K, 40% used [0x0000000719000000,0x000000072f9cdbf0,0x0000000750b00000)
  from space 911872K, 0% used [0x0000000788580000,0x0000000788580000,0x00000007c0000000)
  to   space 911872K, 0% used [0x0000000750b00000,0x0000000750b00000,0x0000000788580000)
 ParOldGen       total 5472256K, used 5472203K [0x00000005cb000000, 0x0000000719000000, 0x0000000719000000)
  object space 5472256K, 99% used [0x00000005cb000000,0x0000000718ff2cc0,0x0000000719000000)
 Metaspace       used 31102K, capacity 31438K, committed 31872K, reserved 1077248K
  class space    used 3827K, capacity 3919K, committed 3968K, reserved 1048576K
}
Event: 806,009 GC heap before
{Heap before GC invocations=139 (full 123):
 PSYoungGen      total 1824256K, used 912384K [0x0000000719000000, 0x00000007c0000000, 0x00000007c0000000)
  eden space 912384K, 100% used [0x0000000719000000,0x0000000750b00000,0x0000000750b00000)
  from space 911872K, 0% used [0x0000000788580000,0x0000000788580000,0x00000007c0000000)
  to   space 911872K, 0% used [0x0000000750b00000,0x0000000750b00000,0x0000000788580000)
 ParOldGen       total 5472256K, used 5472203K [0x00000005cb000000, 0x0000000719000000, 0x0000000719000000)
  object space 5472256K, 99% used [0x00000005cb000000,0x0000000718ff2cc0,0x0000000719000000)
 Metaspace       used 31102K, capacity 31438K, committed 31872K, reserved 1077248K
  class space    used 3827K, capacity 3919K, committed 3968K, reserved 1048576K
Event: 807,273 GC heap after
Heap after GC invocations=139 (full 123):
 PSYoungGen      total 1824256K, used 370107K [0x0000000719000000, 0x00000007c0000000, 0x00000007c0000000)
  eden space 912384K, 40% used [0x0000000719000000,0x000000072f96ef50,0x0000000750b00000)
  from space 911872K, 0% used [0x0000000788580000,0x0000000788580000,0x00000007c0000000)
  to   space 911872K, 0% used [0x0000000750b00000,0x0000000750b00000,0x0000000788580000)
 ParOldGen       total 5472256K, used 5472203K [0x00000005cb000000, 0x0000000719000000, 0x0000000719000000)
  object space 5472256K, 99% used [0x00000005cb000000,0x0000000718ff2cc0,0x0000000719000000)
 Metaspace       used 31102K, capacity 31438K, committed 31872K, reserved 1077248K
  class space    used 3827K, capacity 3919K, committed 3968K, reserved 1048576K
}
Event: 809,852 GC heap before
{Heap before GC invocations=140 (full 124):
 PSYoungGen      total 1824256K, used 912384K [0x0000000719000000, 0x00000007c0000000, 0x00000007c0000000)
  eden space 912384K, 100% used [0x0000000719000000,0x0000000750b00000,0x0000000750b00000)
  from space 911872K, 0% used [0x0000000788580000,0x0000000788580000,0x00000007c0000000)
  to   space 911872K, 0% used [0x0000000750b00000,0x0000000750b00000,0x0000000788580000)
 ParOldGen       total 5472256K, used 5472203K [0x00000005cb000000, 0x0000000719000000, 0x0000000719000000)
  object space 5472256K, 99% used [0x00000005cb000000,0x0000000718ff2cc0,0x0000000719000000)
 Metaspace       used 31102K, capacity 31438K, committed 31872K, reserved 1077248K
  class space    used 3827K, capacity 3919K, committed 3968K, reserved 1048576K

Deoptimization events (10 events):
Event: 601,796 Thread 0x00007f6f64031000 Uncommon trap: reason=unstable_if action=reinterpret pc=0x00007f70297065c0 method=java.util.TimSort.countRunAndMakeAscending([Ljava/lang/Object;IILjava/util/Comparator;)I @ 27
Event: 661,637 Thread 0x00007f6f64032000 Uncommon trap: reason=bimorphic action=maybe_recompile pc=0x00007f7029836e08 method=java.util.TimSort.gallopRight(Ljava/lang/Object;[Ljava/lang/Object;IIILjava/util/Comparator;)I @ 44
Event: 687,291 Thread 0x00007f6f64033000 Uncommon trap: reason=unstable_if action=reinterpret pc=0x00007f702a3da0cc method=java.util.TimSort.mergeLo(IIII)V @ 487
Event: 710,426 Thread 0x00007f6f64038000 Uncommon trap: reason=bimorphic action=maybe_recompile pc=0x00007f7029836e08 method=java.util.TimSort.gallopRight(Ljava/lang/Object;[Ljava/lang/Object;IIILjava/util/Comparator;)I @ 44
Event: 710,426 Thread 0x00007f6f64038000 Uncommon trap: reason=bimorphic action=maybe_recompile pc=0x00007f7029480918 method=java.util.TimSort.gallopLeft(Ljava/lang/Object;[Ljava/lang/Object;IIILjava/util/Comparator;)I @ 44
Event: 710,426 Thread 0x00007f6f64038000 Uncommon trap: reason=unstable_if action=reinterpret pc=0x00007f702a0147c8 method=java.util.TimSort.mergeAt(I)V @ 324
Event: 718,010 Thread 0x00007f6f64038000 Uncommon trap: reason=bimorphic action=maybe_recompile pc=0x00007f7029480918 method=java.util.TimSort.gallopLeft(Ljava/lang/Object;[Ljava/lang/Object;IIILjava/util/Comparator;)I @ 44
Event: 738,200 Thread 0x00007f6f64038000 Uncommon trap: reason=unstable_if action=reinterpret pc=0x00007f70292da8d0 method=net.sf.json.util.JSONUtils.isJsonKeyword(Ljava/lang/String;Lnet/sf/json/JsonConfig;)Z @ 30
Event: 738,200 Thread 0x00007f6f64038000 Uncommon trap: reason=unstable_if action=reinterpret pc=0x00007f7029c4bd5c method=net.sf.json.util.JSONUtils.isJsonKeyword(Ljava/lang/String;Lnet/sf/json/JsonConfig;)Z @ 30
Event: 755,689 Thread 0x00007f6f64031000 Uncommon trap: reason=bimorphic action=maybe_recompile pc=0x00007f7029480918 method=java.util.TimSort.gallopLeft(Ljava/lang/Object;[Ljava/lang/Object;IIILjava/util/Comparator;)I @ 44

Classes redefined (0 events):
No events

Internal exceptions (10 events):
Event: 435,565 Thread 0x00007f6f64031000 Exception <a 'java/lang/NullPointerException'> (0x0000000731f324b8) thrown at [/build/openjdk-8-4TqvnK/openjdk-8-8u292-b10/src/hotspot/src/share/vm/runtime/sharedRuntime.cpp, line 609]
Event: 454,628 Thread 0x00007f6f64036800 Implicit null exception at 0x00007f7029b2f488 to 0x00007f7029b2f4c7
Event: 454,628 Thread 0x00007f6f64036800 Exception <a 'java/lang/NullPointerException'> (0x0000000744f7fa58) thrown at [/build/openjdk-8-4TqvnK/openjdk-8-8u292-b10/src/hotspot/src/share/vm/runtime/sharedRuntime.cpp, line 609]
Event: 458,503 Thread 0x00007f6f64033000 Implicit null exception at 0x00007f702a165da0 to 0x00007f702a165dc5
Event: 458,505 Thread 0x00007f6f64033000 Implicit null exception at 0x00007f702a165da0 to 0x00007f702a165dc5
Event: 459,443 Thread 0x00007f6f64032000 Implicit null exception at 0x00007f702a165da0 to 0x00007f702a165dc5
Event: 459,787 Thread 0x00007f6f64036800 Implicit null exception at 0x00007f7029b2bade to 0x00007f7029b2bb01
Event: 459,787 Thread 0x00007f6f64036800 Exception <a 'java/lang/NullPointerException'> (0x00000007483a4438) thrown at [/build/openjdk-8-4TqvnK/openjdk-8-8u292-b10/src/hotspot/src/share/vm/runtime/sharedRuntime.cpp, line 609]
Event: 460,076 Thread 0x00007f6f64031000 Implicit null exception at 0x00007f7029b2bade to 0x00007f7029b2bb01
Event: 460,076 Thread 0x00007f6f64031000 Exception <a 'java/lang/NullPointerException'> (0x000000074b9f9610) thrown at [/build/openjdk-8-4TqvnK/openjdk-8-8u292-b10/src/hotspot/src/share/vm/runtime/sharedRuntime.cpp, line 609]

Events (10 events):
Event: 805,824 Thread 0x00007f7038366000 flushing nmethod 0x00007f7029ef0050
Event: 805,824 Thread 0x00007f7038366000 flushing nmethod 0x00007f7029ef3610
Event: 805,824 Thread 0x00007f7038366000 flushing nmethod 0x00007f7029ef4450
Event: 805,824 Thread 0x00007f7038366000 flushing nmethod 0x00007f7029f268d0
Event: 805,824 Thread 0x00007f7038366000 flushing nmethod 0x00007f7029f2e710
Event: 806,009 Executing VM operation: ParallelGCFailedAllocation
Event: 807,273 Executing VM operation: ParallelGCFailedAllocation done
Event: 808,525 Thread 0x00007f7038362000 flushing nmethod 0x00007f702a0046d0
Event: 808,525 Thread 0x00007f7038362000 flushing nmethod 0x00007f702a03cf50
Event: 809,852 Executing VM operation: ParallelGCFailedAllocation


Dynamic libraries:
5cb000000-719000000 rw-p 00000000 00:00 0 
719000000-7c0000000 rw-p 00000000 00:00 0 
7c0000000-7c03e0000 rw-p 00000000 00:00 0 
7c03e0000-800000000 ---p 00000000 00:00 0 
55ced33c1000-55ced33c2000 r--p 00000000 103:07 27264941                  /usr/lib/jvm/java-8-openjdk-amd64/jre/bin/java
55ced33c2000-55ced33c3000 r-xp 00001000 103:07 27264941                  /usr/lib/jvm/java-8-openjdk-amd64/jre/bin/java
55ced33c3000-55ced33c4000 r--p 00002000 103:07 27264941                  /usr/lib/jvm/java-8-openjdk-amd64/jre/bin/java
55ced33c4000-55ced33c5000 r--p 00002000 103:07 27264941                  /usr/lib/jvm/java-8-openjdk-amd64/jre/bin/java
55ced33c5000-55ced33c6000 rw-p 00003000 103:07 27264941                  /usr/lib/jvm/java-8-openjdk-amd64/jre/bin/java
55ced3fcf000-55ced3ff0000 rw-p 00000000 00:00 0                          [heap]
7f6f4c000000-7f6f4c021000 rw-p 00000000 00:00 0 
7f6f4c021000-7f6f50000000 ---p 00000000 00:00 0 
7f6f50000000-7f6f50021000 rw-p 00000000 00:00 0 
7f6f50021000-7f6f54000000 ---p 00000000 00:00 0 
7f6f54000000-7f6f54023000 rw-p 00000000 00:00 0 
7f6f54023000-7f6f58000000 ---p 00000000 00:00 0 
7f6f58000000-7f6f58021000 rw-p 00000000 00:00 0 
7f6f58021000-7f6f5c000000 ---p 00000000 00:00 0 
7f6f5c000000-7f6f5c543000 rw-p 00000000 00:00 0 
7f6f5c543000-7f6f60000000 ---p 00000000 00:00 0 
7f6f60000000-7f6f60021000 rw-p 00000000 00:00 0 
7f6f60021000-7f6f64000000 ---p 00000000 00:00 0 
7f6f64000000-7f6f6403f000 rw-p 00000000 00:00 0 
7f6f6403f000-7f6f68000000 ---p 00000000 00:00 0 
7f6f68000000-7f6f68021000 rw-p 00000000 00:00 0 
7f6f68021000-7f6f6c000000 ---p 00000000 00:00 0 
7f6f6c000000-7f6f6c021000 rw-p 00000000 00:00 0 
7f6f6c021000-7f6f70000000 ---p 00000000 00:00 0 
7f6f70000000-7f6f70028000 rw-p 00000000 00:00 0 
7f6f70028000-7f6f74000000 ---p 00000000 00:00 0 
7f6f74000000-7f6f74308000 rw-p 00000000 00:00 0 
7f6f74308000-7f6f78000000 ---p 00000000 00:00 0 
7f6f78000000-7f6f78021000 rw-p 00000000 00:00 0 
7f6f78021000-7f6f7c000000 ---p 00000000 00:00 0 
7f6f7c000000-7f6f7c3a3000 rw-p 00000000 00:00 0 
7f6f7c3a3000-7f6f80000000 ---p 00000000 00:00 0 
7f6f80000000-7f6f80306000 rw-p 00000000 00:00 0 
7f6f80306000-7f6f84000000 ---p 00000000 00:00 0 
7f6f84000000-7f6f84cec000 rw-p 00000000 00:00 0 
7f6f84cec000-7f6f88000000 ---p 00000000 00:00 0 
7f6f88000000-7f6f8833d000 rw-p 00000000 00:00 0 
7f6f8833d000-7f6f8c000000 ---p 00000000 00:00 0 
7f6f8c000000-7f6f8cb8b000 rw-p 00000000 00:00 0 
7f6f8cb8b000-7f6f90000000 ---p 00000000 00:00 0 
7f6f90000000-7f6f90b72000 rw-p 00000000 00:00 0 
7f6f90b72000-7f6f94000000 ---p 00000000 00:00 0 
7f6f94000000-7f6f945b6000 rw-p 00000000 00:00 0 
7f6f945b6000-7f6f98000000 ---p 00000000 00:00 0 
7f6f98000000-7f6f98d9c000 rw-p 00000000 00:00 0 
7f6f98d9c000-7f6f9c000000 ---p 00000000 00:00 0 
7f6f9c000000-7f6f9cc5a000 rw-p 00000000 00:00 0 
7f6f9cc5a000-7f6fa0000000 ---p 00000000 00:00 0 
7f6fa0000000-7f6fa134d000 rw-p 00000000 00:00 0 
7f6fa134d000-7f6fa4000000 ---p 00000000 00:00 0 
7f6fa4000000-7f6fa4021000 rw-p 00000000 00:00 0 
7f6fa4021000-7f6fa8000000 ---p 00000000 00:00 0 
7f6fa8000000-7f6fa9144000 rw-p 00000000 00:00 0 
7f6fa9144000-7f6fac000000 ---p 00000000 00:00 0 
7f6fac000000-7f6fac021000 rw-p 00000000 00:00 0 
7f6fac021000-7f6fb0000000 ---p 00000000 00:00 0 
7f6fb0000000-7f6fb0021000 rw-p 00000000 00:00 0 
7f6fb0021000-7f6fb4000000 ---p 00000000 00:00 0 
7f6fb4000000-7f6fb42c7000 rw-p 00000000 00:00 0 
7f6fb42c7000-7f6fb8000000 ---p 00000000 00:00 0 
7f6fb8580000-7f6fc8000000 rw-p 00000000 00:00 0 
7f6fc8000000-7f6fc8bf4000 rw-p 00000000 00:00 0 
7f6fc8bf4000-7f6fcc000000 ---p 00000000 00:00 0 
7f6fcc000000-7f6fcc0d4000 rw-p 00000000 00:00 0 
7f6fcc0d4000-7f6fd0000000 ---p 00000000 00:00 0 
7f6fd0000000-7f6fd1e3a000 rw-p 00000000 00:00 0 
7f6fd1e3a000-7f6fd4000000 ---p 00000000 00:00 0 
7f6fd8000000-7f6fd9837000 rw-p 00000000 00:00 0 
7f6fd9837000-7f6fdc000000 ---p 00000000 00:00 0 
7f6fe0000000-7f6fe04c1000 rw-p 00000000 00:00 0 
7f6fe04c1000-7f6fe4000000 ---p 00000000 00:00 0 
7f6fe4000000-7f6fe4457000 rw-p 00000000 00:00 0 
7f6fe4457000-7f6fe8000000 ---p 00000000 00:00 0 
7f6fe8000000-7f6fe8021000 rw-p 00000000 00:00 0 
7f6fe8021000-7f6fec000000 ---p 00000000 00:00 0 
7f6fec000000-7f6fec58f000 rw-p 00000000 00:00 0 
7f6fec58f000-7f6ff0000000 ---p 00000000 00:00 0 
7f6ff0000000-7f6ff0477000 rw-p 00000000 00:00 0 
7f6ff0477000-7f6ff4000000 ---p 00000000 00:00 0 
7f6ff4000000-7f6ff4f4d000 rw-p 00000000 00:00 0 
7f6ff4f4d000-7f6ff8000000 ---p 00000000 00:00 0 
7f6ff8000000-7f6ff8596000 rw-p 00000000 00:00 0 
7f6ff8596000-7f6ffc000000 ---p 00000000 00:00 0 
7f7000000000-7f7001c08000 rw-p 00000000 00:00 0 
7f7001c08000-7f7004000000 ---p 00000000 00:00 0 
7f70061b2000-7f70062f2000 rw-p 00000000 00:00 0 
7f70062f2000-7f70063b2000 ---p 00000000 00:00 0 
7f70063b2000-7f70065b2000 rw-p 00000000 00:00 0 
7f70065b2000-7f70067b2000 rw-p 00000000 00:00 0 
7f70067b2000-7f70069b2000 rw-p 00000000 00:00 0 
7f70069b2000-7f7006bb2000 rw-p 00000000 00:00 0 
7f7006bb2000-7f7006bb5000 ---p 00000000 00:00 0 
7f7006bb5000-7f7006eb3000 rw-p 00000000 00:00 0 
7f7006eb3000-7f7006eb6000 ---p 00000000 00:00 0 
7f7006eb6000-7f7006fb4000 rw-p 00000000 00:00 0 
7f7006fb4000-7f7006fb7000 ---p 00000000 00:00 0 
7f7006fb7000-7f70070b5000 rw-p 00000000 00:00 0 
7f70070b5000-7f70070b8000 ---p 00000000 00:00 0 
7f70070b8000-7f70071b6000 rw-p 00000000 00:00 0 
7f70071b6000-7f70071b9000 ---p 00000000 00:00 0 
7f70071b9000-7f70072b7000 rw-p 00000000 00:00 0 
7f70072b7000-7f70072ba000 ---p 00000000 00:00 0 
7f70072ba000-7f70073b8000 rw-p 00000000 00:00 0 
7f70073b8000-7f70073bb000 ---p 00000000 00:00 0 
7f70073bb000-7f70074b9000 rw-p 00000000 00:00 0 
7f70074b9000-7f7008000000 r--s 0af46000 103:07 17301538                  /home/fcabla/Documentos/GSoc/DBpedia-abstracts-to-RDF/spotlight/dbpedia-spotlight-1.0.0.jar
7f7008000000-7f70080e2000 rw-p 00000000 00:00 0 
7f70080e2000-7f700c000000 ---p 00000000 00:00 0 
7f700c0f9000-7f700c0fc000 ---p 00000000 00:00 0 
7f700c0fc000-7f700c1fa000 rw-p 00000000 00:00 0 
7f700c1fa000-7f700c1fd000 ---p 00000000 00:00 0 
7f700c1fd000-7f700c4fb000 rw-p 00000000 00:00 0 
7f700c4fb000-7f700c6fb000 rw-p 00000000 00:00 0 
7f700c6fb000-7f700c8fb000 rw-p 00000000 00:00 0 
7f700c8fb000-7f700cafb000 rw-p 00000000 00:00 0 
7f700cafb000-7f700cafc000 ---p 00000000 00:00 0 
7f700cafc000-7f700cbfc000 rw-p 00000000 00:00 0 
7f700cbfc000-7f700cbff000 ---p 00000000 00:00 0 
7f700cbff000-7f700ccfd000 rw-p 00000000 00:00 0 
7f700ccfd000-7f700ccfe000 ---p 00000000 00:00 0 
7f700ccfe000-7f700cd01000 ---p 00000000 00:00 0 
7f700cd01000-7f700cdfe000 rw-p 00000000 00:00 0 
7f700cdfe000-7f700cdff000 ---p 00000000 00:00 0 
7f700cdff000-7f700ce02000 ---p 00000000 00:00 0 
7f700ce02000-7f700ceff000 rw-p 00000000 00:00 0 
7f700ceff000-7f700cf00000 ---p 00000000 00:00 0 
7f700cf00000-7f700cf03000 ---p 00000000 00:00 0 
7f700cf03000-7f700d000000 rw-p 00000000 00:00 0 
7f700d000000-7f700d001000 ---p 00000000 00:00 0 
7f700d001000-7f700d004000 ---p 00000000 00:00 0 
7f700d004000-7f700d101000 rw-p 00000000 00:00 0 
7f700d101000-7f700d102000 ---p 00000000 00:00 0 
7f700d102000-7f700d105000 ---p 00000000 00:00 0 
7f700d105000-7f700d202000 rw-p 00000000 00:00 0 
7f700d202000-7f700d203000 ---p 00000000 00:00 0 
7f700d203000-7f700d206000 ---p 00000000 00:00 0 
7f700d206000-7f700d303000 rw-p 00000000 00:00 0 
7f700d303000-7f700d304000 ---p 00000000 00:00 0 
7f700d304000-7f700d307000 ---p 00000000 00:00 0 
7f700d307000-7f700d404000 rw-p 00000000 00:00 0 
7f700d404000-7f700d405000 ---p 00000000 00:00 0 
7f700d405000-7f700d408000 ---p 00000000 00:00 0 
7f700d408000-7f700d505000 rw-p 00000000 00:00 0 
7f700d505000-7f700d506000 ---p 00000000 00:00 0 
7f700d506000-7f700d509000 ---p 00000000 00:00 0 
7f700d509000-7f700d606000 rw-p 00000000 00:00 0 
7f700d606000-7f700d607000 ---p 00000000 00:00 0 
7f700d607000-7f700d60a000 ---p 00000000 00:00 0 
7f700d60a000-7f700d707000 rw-p 00000000 00:00 0 
7f700d707000-7f700d708000 ---p 00000000 00:00 0 
7f700d708000-7f700d70b000 ---p 00000000 00:00 0 
7f700d70b000-7f700d808000 rw-p 00000000 00:00 0 
7f700d808000-7f700d809000 ---p 00000000 00:00 0 
7f700d809000-7f700d80c000 ---p 00000000 00:00 0 
7f700d80c000-7f700d909000 rw-p 00000000 00:00 0 
7f700d909000-7f700d90c000 ---p 00000000 00:00 0 
7f700d90c000-7f700da0a000 rw-p 00000000 00:00 0 
7f700da0a000-7f700e7e8000 r--p 00000000 103:07 27138447                  /usr/lib/locale/locale-archive
7f700e7e8000-7f700e7eb000 ---p 00000000 00:00 0 
7f700e7eb000-7f700e8e9000 rw-p 00000000 00:00 0 
7f700e8e9000-7f700e8ec000 ---p 00000000 00:00 0 
7f700e8ec000-7f700e9ea000 rw-p 00000000 00:00 0 
7f700e9ea000-7f700e9eb000 ---p 00000000 00:00 0 
7f700e9eb000-7f7010000000 rw-p 00000000 00:00 0 
7f7010000000-7f7010692000 rw-p 00000000 00:00 0 
7f7010692000-7f7014000000 ---p 00000000 00:00 0 
7f7014000000-7f7014187000 rw-p 00000000 00:00 0 
7f7014187000-7f7018000000 ---p 00000000 00:00 0 
7f7018000000-7f701971d000 rw-p 00000000 00:00 0 
7f701971d000-7f701c000000 ---p 00000000 00:00 0 
7f701c000000-7f701c021000 rw-p 00000000 00:00 0 
7f701c021000-7f7020000000 ---p 00000000 00:00 0 
7f7020000000-7f7022153000 rw-p 00000000 00:00 0 
7f7022153000-7f7024000000 ---p 00000000 00:00 0 
7f7024054000-7f7024078000 r--p 00000000 103:07 29622547                  /usr/share/locale-langpack/es/LC_MESSAGES/libc.mo
7f7024078000-7f702408b000 r--s 0034b000 103:07 27265000                  /usr/lib/jvm/java-8-openjdk-amd64/jre/lib/resources.jar
7f702408b000-7f7024090000 r--p 00000000 103:07 27264977                  /usr/lib/jvm/java-8-openjdk-amd64/jre/lib/amd64/libnet.so
7f7024090000-7f70240a1000 r-xp 00005000 103:07 27264977                  /usr/lib/jvm/java-8-openjdk-amd64/jre/lib/amd64/libnet.so
7f70240a1000-7f70240a5000 r--p 00016000 103:07 27264977                  /usr/lib/jvm/java-8-openjdk-amd64/jre/lib/amd64/libnet.so
7f70240a5000-7f70240a6000 r--p 00019000 103:07 27264977                  /usr/lib/jvm/java-8-openjdk-amd64/jre/lib/amd64/libnet.so
7f70240a6000-7f70240a7000 rw-p 0001a000 103:07 27264977                  /usr/lib/jvm/java-8-openjdk-amd64/jre/lib/amd64/libnet.so
7f70240a7000-7f70240ae000 r--p 00000000 103:07 27264978                  /usr/lib/jvm/java-8-openjdk-amd64/jre/lib/amd64/libnio.so
7f70240ae000-7f70240b7000 r-xp 00007000 103:07 27264978                  /usr/lib/jvm/java-8-openjdk-amd64/jre/lib/amd64/libnio.so
7f70240b7000-7f70240ba000 r--p 00010000 103:07 27264978                  /usr/lib/jvm/java-8-openjdk-amd64/jre/lib/amd64/libnio.so
7f70240ba000-7f70240bb000 r--p 00012000 103:07 27264978                  /usr/lib/jvm/java-8-openjdk-amd64/jre/lib/amd64/libnio.so
7f70240bb000-7f70240bc000 rw-p 00013000 103:07 27264978                  /usr/lib/jvm/java-8-openjdk-amd64/jre/lib/amd64/libnio.so
7f70240bc000-7f70240d7000 r--s 001d6000 103:07 27394076                  /usr/lib/jvm/java-8-openjdk-amd64/jre/lib/ext/nashorn.jar
7f70240d7000-7f70240f2000 r--s 00394000 103:07 27394071                  /usr/lib/jvm/java-8-openjdk-amd64/jre/lib/ext/cldrdata.jar
7f70240f2000-7f7026564000 rw-p 00000000 00:00 0 
7f7026564000-7f7026735000 r--s 03ca5000 103:07 27265001                  /usr/lib/jvm/java-8-openjdk-amd64/jre/lib/rt.jar
7f7026735000-7f7026fab000 rw-p 00000000 00:00 0 
7f7026fab000-7f7027ff0000 rw-p 00000000 00:00 0 
7f7027ff0000-7f7027ff1000 ---p 00000000 00:00 0 
7f7027ff1000-7f70280f1000 rw-p 00000000 00:00 0 
7f70280f1000-7f70280f2000 ---p 00000000 00:00 0 
7f70280f2000-7f70281f2000 rw-p 00000000 00:00 0 
7f70281f2000-7f70281f3000 ---p 00000000 00:00 0 
7f70281f3000-7f70282f3000 rw-p 00000000 00:00 0 
7f70282f3000-7f70282f4000 ---p 00000000 00:00 0 
7f70282f4000-7f70283f4000 rw-p 00000000 00:00 0 
7f70283f4000-7f70283f5000 ---p 00000000 00:00 0 
7f70283f5000-7f70284f5000 rw-p 00000000 00:00 0 
7f70284f5000-7f70284f6000 ---p 00000000 00:00 0 
7f70284f6000-7f70285f6000 rw-p 00000000 00:00 0 
7f70285f6000-7f70285f7000 ---p 00000000 00:00 0 
7f70285f7000-7f70286f7000 rw-p 00000000 00:00 0 
7f70286f7000-7f70286f8000 ---p 00000000 00:00 0 
7f70286f8000-7f70287f8000 rw-p 00000000 00:00 0 
7f70287f8000-7f70287f9000 ---p 00000000 00:00 0 
7f70287f9000-7f70288f9000 rw-p 00000000 00:00 0 
7f70288f9000-7f70288fa000 ---p 00000000 00:00 0 
7f70288fa000-7f70289fa000 rw-p 00000000 00:00 0 
7f70289fa000-7f70289fb000 ---p 00000000 00:00 0 
7f70289fb000-7f7028afb000 rw-p 00000000 00:00 0 
7f7028afb000-7f7028afc000 ---p 00000000 00:00 0 
7f7028afc000-7f7028bfc000 rw-p 00000000 00:00 0 
7f7028bfc000-7f7028bfd000 ---p 00000000 00:00 0 
7f7028bfd000-7f7028cfd000 rw-p 00000000 00:00 0 
7f7028cfd000-7f7028cfe000 ---p 00000000 00:00 0 
7f7028cfe000-7f7028dfe000 rw-p 00000000 00:00 0 
7f7028dfe000-7f7028dff000 ---p 00000000 00:00 0 
7f7028dff000-7f7028eff000 rw-p 00000000 00:00 0 
7f7028eff000-7f7028f00000 ---p 00000000 00:00 0 
7f7028f00000-7f7029000000 rw-p 00000000 00:00 0 
7f7029000000-7f702a4f0000 rwxp 00000000 00:00 0 
7f702a4f0000-7f7038000000 ---p 00000000 00:00 0 
7f7038000000-7f7038a3d000 rw-p 00000000 00:00 0 
7f7038a3d000-7f703c000000 ---p 00000000 00:00 0 
7f703c000000-7f703c007000 r--s 00000000 103:07 27789691                  /usr/lib/x86_64-linux-gnu/gconv/gconv-modules.cache
7f703c007000-7f703c009000 r--s 00008000 103:07 27394077                  /usr/lib/jvm/java-8-openjdk-amd64/jre/lib/ext/sunec.jar
7f703c009000-7f703c00b000 r--s 00001000 103:07 27394072                  /usr/lib/jvm/java-8-openjdk-amd64/jre/lib/ext/dnsns.jar
7f703c00b000-7f703c016000 r--s 00116000 103:07 27394075                  /usr/lib/jvm/java-8-openjdk-amd64/jre/lib/ext/localedata.jar
7f703c016000-7f703c018000 r--s 0000c000 103:07 27924190                  /usr/share/java/java-atk-wrapper.jar
7f703c018000-7f703c073000 rw-p 00000000 00:00 0 
7f703c073000-7f703c074000 ---p 00000000 00:00 0 
7f703c074000-7f703c174000 rw-p 00000000 00:00 0 
7f703c174000-7f703c175000 ---p 00000000 00:00 0 
7f703c175000-7f703cce5000 rw-p 00000000 00:00 0 
7f703cce5000-7f703d755000 rw-p 00000000 00:00 0 
7f703d755000-7f703dc8d000 rw-p 00000000 00:00 0 
7f703dc8d000-7f703dce2000 rw-p 00000000 00:00 0 
7f703dce2000-7f703e04e000 ---p 00000000 00:00 0 
7f703e04e000-7f703e051000 r--p 00000000 103:07 27140100                  /usr/lib/x86_64-linux-gnu/libnss_files-2.31.so
7f703e051000-7f703e058000 r-xp 00003000 103:07 27140100                  /usr/lib/x86_64-linux-gnu/libnss_files-2.31.so
7f703e058000-7f703e05a000 r--p 0000a000 103:07 27140100                  /usr/lib/x86_64-linux-gnu/libnss_files-2.31.so
7f703e05a000-7f703e05b000 r--p 0000b000 103:07 27140100                  /usr/lib/x86_64-linux-gnu/libnss_files-2.31.so
7f703e05b000-7f703e05c000 rw-p 0000c000 103:07 27140100                  /usr/lib/x86_64-linux-gnu/libnss_files-2.31.so
7f703e05c000-7f703e062000 rw-p 00000000 00:00 0 
7f703e062000-7f703e065000 r--s 0000f000 103:07 27394073                  /usr/lib/jvm/java-8-openjdk-amd64/jre/lib/ext/icedtea-sound.jar
7f703e065000-7f703e06b000 r--s 0003d000 103:07 27394078                  /usr/lib/jvm/java-8-openjdk-amd64/jre/lib/ext/sunjce_provider.jar
7f703e06b000-7f703e06f000 r--s 00040000 103:07 27394079                  /usr/lib/jvm/java-8-openjdk-amd64/jre/lib/ext/sunpkcs11.jar
7f703e06f000-7f703e075000 r--s 000d3000 103:07 27264995                  /usr/lib/jvm/java-8-openjdk-amd64/jre/lib/jfr.jar
7f703e075000-7f703e078000 r--p 00000000 103:07 27264985                  /usr/lib/jvm/java-8-openjdk-amd64/jre/lib/amd64/libzip.so
7f703e078000-7f703e07d000 r-xp 00003000 103:07 27264985                  /usr/lib/jvm/java-8-openjdk-amd64/jre/lib/amd64/libzip.so
7f703e07d000-7f703e07f000 r--p 00008000 103:07 27264985                  /usr/lib/jvm/java-8-openjdk-amd64/jre/lib/amd64/libzip.so
7f703e07f000-7f703e080000 r--p 00009000 103:07 27264985                  /usr/lib/jvm/java-8-openjdk-amd64/jre/lib/amd64/libzip.so
7f703e080000-7f703e081000 rw-p 0000a000 103:07 27264985                  /usr/lib/jvm/java-8-openjdk-amd64/jre/lib/amd64/libzip.so
7f703e081000-7f703e08e000 r--p 00000000 103:07 27264966                  /usr/lib/jvm/java-8-openjdk-amd64/jre/lib/amd64/libjava.so
7f703e08e000-7f703e0a6000 r-xp 0000d000 103:07 27264966                  /usr/lib/jvm/java-8-openjdk-amd64/jre/lib/amd64/libjava.so
7f703e0a6000-7f703e0ad000 r--p 00025000 103:07 27264966                  /usr/lib/jvm/java-8-openjdk-amd64/jre/lib/amd64/libjava.so
7f703e0ad000-7f703e0ae000 r--p 0002b000 103:07 27264966                  /usr/lib/jvm/java-8-openjdk-amd64/jre/lib/amd64/libjava.so
7f703e0ae000-7f703e0b0000 rw-p 0002c000 103:07 27264966                  /usr/lib/jvm/java-8-openjdk-amd64/jre/lib/amd64/libjava.so
7f703e0b0000-7f703e0b3000 r--p 00000000 103:07 27140302                  /usr/lib/x86_64-linux-gnu/librt-2.31.so
7f703e0b3000-7f703e0b7000 r-xp 00003000 103:07 27140302                  /usr/lib/x86_64-linux-gnu/librt-2.31.so
7f703e0b7000-7f703e0b8000 r--p 00007000 103:07 27140302                  /usr/lib/x86_64-linux-gnu/librt-2.31.so
7f703e0b8000-7f703e0b9000 ---p 00008000 103:07 27140302                  /usr/lib/x86_64-linux-gnu/librt-2.31.so
7f703e0b9000-7f703e0ba000 r--p 00008000 103:07 27140302                  /usr/lib/x86_64-linux-gnu/librt-2.31.so
7f703e0ba000-7f703e0bb000 rw-p 00009000 103:07 27140302                  /usr/lib/x86_64-linux-gnu/librt-2.31.so
7f703e0bb000-7f703e0bc000 ---p 00000000 00:00 0 
7f703e0bc000-7f703e0bf000 ---p 00000000 00:00 0 
7f703e0bf000-7f703e1bc000 rw-p 00000000 00:00 0 
7f703e1bc000-7f703e1bf000 r--p 00000000 103:07 27136263                  /usr/lib/x86_64-linux-gnu/libgcc_s.so.1
7f703e1bf000-7f703e1d1000 r-xp 00003000 103:07 27136263                  /usr/lib/x86_64-linux-gnu/libgcc_s.so.1
7f703e1d1000-7f703e1d5000 r--p 00015000 103:07 27136263                  /usr/lib/x86_64-linux-gnu/libgcc_s.so.1
7f703e1d5000-7f703e1d6000 r--p 00018000 103:07 27136263                  /usr/lib/x86_64-linux-gnu/libgcc_s.so.1
7f703e1d6000-7f703e1d7000 rw-p 00019000 103:07 27136263                  /usr/lib/x86_64-linux-gnu/libgcc_s.so.1
7f703e1d7000-7f703e1e6000 r--p 00000000 103:07 27139976                  /usr/lib/x86_64-linux-gnu/libm-2.31.so
7f703e1e6000-7f703e28d000 r-xp 0000f000 103:07 27139976                  /usr/lib/x86_64-linux-gnu/libm-2.31.so
7f703e28d000-7f703e324000 r--p 000b6000 103:07 27139976                  /usr/lib/x86_64-linux-gnu/libm-2.31.so
7f703e324000-7f703e325000 r--p 0014c000 103:07 27139976                  /usr/lib/x86_64-linux-gnu/libm-2.31.so
7f703e325000-7f703e326000 rw-p 0014d000 103:07 27139976                  /usr/lib/x86_64-linux-gnu/libm-2.31.so
7f703e326000-7f703e3bc000 r--p 00000000 103:07 27136260                  /usr/lib/x86_64-linux-gnu/libstdc++.so.6.0.28
7f703e3bc000-7f703e4ad000 r-xp 00096000 103:07 27136260                  /usr/lib/x86_64-linux-gnu/libstdc++.so.6.0.28
7f703e4ad000-7f703e4f6000 r--p 00187000 103:07 27136260                  /usr/lib/x86_64-linux-gnu/libstdc++.so.6.0.28
7f703e4f6000-7f703e4f7000 ---p 001d0000 103:07 27136260                  /usr/lib/x86_64-linux-gnu/libstdc++.so.6.0.28
7f703e4f7000-7f703e502000 r--p 001d0000 103:07 27136260                  /usr/lib/x86_64-linux-gnu/libstdc++.so.6.0.28
7f703e502000-7f703e505000 rw-p 001db000 103:07 27136260                  /usr/lib/x86_64-linux-gnu/libstdc++.so.6.0.28
7f703e505000-7f703e508000 rw-p 00000000 00:00 0 
7f703e508000-7f703e6fd000 r--p 00000000 103:07 27264987                  /usr/lib/jvm/java-8-openjdk-amd64/jre/lib/amd64/server/libjvm.so
7f703e6fd000-7f703f065000 r-xp 001f5000 103:07 27264987                  /usr/lib/jvm/java-8-openjdk-amd64/jre/lib/amd64/server/libjvm.so
7f703f065000-7f703f216000 r--p 00b5d000 103:07 27264987                  /usr/lib/jvm/java-8-openjdk-amd64/jre/lib/amd64/server/libjvm.so
7f703f216000-7f703f217000 ---p 00d0e000 103:07 27264987                  /usr/lib/jvm/java-8-openjdk-amd64/jre/lib/amd64/server/libjvm.so
7f703f217000-7f703f2ad000 r--p 00d0e000 103:07 27264987                  /usr/lib/jvm/java-8-openjdk-amd64/jre/lib/amd64/server/libjvm.so
7f703f2ad000-7f703f2d6000 rw-p 00da4000 103:07 27264987                  /usr/lib/jvm/java-8-openjdk-amd64/jre/lib/amd64/server/libjvm.so
7f703f2d6000-7f703f30b000 rw-p 00000000 00:00 0 
7f703f30b000-7f703f312000 r--p 00000000 103:07 27140241                  /usr/lib/x86_64-linux-gnu/libpthread-2.31.so
7f703f312000-7f703f323000 r-xp 00007000 103:07 27140241                  /usr/lib/x86_64-linux-gnu/libpthread-2.31.so
7f703f323000-7f703f328000 r--p 00018000 103:07 27140241                  /usr/lib/x86_64-linux-gnu/libpthread-2.31.so
7f703f328000-7f703f329000 r--p 0001c000 103:07 27140241                  /usr/lib/x86_64-linux-gnu/libpthread-2.31.so
7f703f329000-7f703f32a000 rw-p 0001d000 103:07 27140241                  /usr/lib/x86_64-linux-gnu/libpthread-2.31.so
7f703f32a000-7f703f32e000 rw-p 00000000 00:00 0 
7f703f32e000-7f703f32f000 r--p 00000000 103:07 27139469                  /usr/lib/x86_64-linux-gnu/libdl-2.31.so
7f703f32f000-7f703f331000 r-xp 00001000 103:07 27139469                  /usr/lib/x86_64-linux-gnu/libdl-2.31.so
7f703f331000-7f703f332000 r--p 00003000 103:07 27139469                  /usr/lib/x86_64-linux-gnu/libdl-2.31.so
7f703f332000-7f703f333000 r--p 00003000 103:07 27139469                  /usr/lib/x86_64-linux-gnu/libdl-2.31.so
7f703f333000-7f703f334000 rw-p 00004000 103:07 27139469                  /usr/lib/x86_64-linux-gnu/libdl-2.31.so
7f703f334000-7f703f336000 r--p 00000000 103:07 27140666                  /usr/lib/x86_64-linux-gnu/libz.so.1.2.11
7f703f336000-7f703f347000 r-xp 00002000 103:07 27140666                  /usr/lib/x86_64-linux-gnu/libz.so.1.2.11
7f703f347000-7f703f34d000 r--p 00013000 103:07 27140666                  /usr/lib/x86_64-linux-gnu/libz.so.1.2.11
7f703f34d000-7f703f34e000 ---p 00019000 103:07 27140666                  /usr/lib/x86_64-linux-gnu/libz.so.1.2.11
7f703f34e000-7f703f34f000 r--p 00019000 103:07 27140666                  /usr/lib/x86_64-linux-gnu/libz.so.1.2.11
7f703f34f000-7f703f350000 rw-p 0001a000 103:07 27140666                  /usr/lib/x86_64-linux-gnu/libz.so.1.2.11
7f703f350000-7f703f375000 r--p 00000000 103:07 27139334                  /usr/lib/x86_64-linux-gnu/libc-2.31.so
7f703f375000-7f703f4ed000 r-xp 00025000 103:07 27139334                  /usr/lib/x86_64-linux-gnu/libc-2.31.so
7f703f4ed000-7f703f537000 r--p 0019d000 103:07 27139334                  /usr/lib/x86_64-linux-gnu/libc-2.31.so
7f703f537000-7f703f538000 ---p 001e7000 103:07 27139334                  /usr/lib/x86_64-linux-gnu/libc-2.31.so
7f703f538000-7f703f53b000 r--p 001e7000 103:07 27139334                  /usr/lib/x86_64-linux-gnu/libc-2.31.so
7f703f53b000-7f703f53e000 rw-p 001ea000 103:07 27139334                  /usr/lib/x86_64-linux-gnu/libc-2.31.so
7f703f53e000-7f703f542000 rw-p 00000000 00:00 0 
7f703f542000-7f703f543000 r--s 0000a000 103:07 27394074                  /usr/lib/jvm/java-8-openjdk-amd64/jre/lib/ext/jaccess.jar
7f703f543000-7f703f545000 r--s 00010000 103:07 27394080                  /usr/lib/jvm/java-8-openjdk-amd64/jre/lib/ext/zipfs.jar
7f703f545000-7f703f54d000 rw-s 00000000 103:07 19534271                  /tmp/hsperfdata_fcabla/12526
7f703f54d000-7f703f54e000 rw-p 00000000 00:00 0 
7f703f54e000-7f703f553000 r--p 00000000 103:07 27264984                  /usr/lib/jvm/java-8-openjdk-amd64/jre/lib/amd64/libverify.so
7f703f553000-7f703f55c000 r-xp 00005000 103:07 27264984                  /usr/lib/jvm/java-8-openjdk-amd64/jre/lib/amd64/libverify.so
7f703f55c000-7f703f55e000 r--p 0000e000 103:07 27264984                  /usr/lib/jvm/java-8-openjdk-amd64/jre/lib/amd64/libverify.so
7f703f55e000-7f703f560000 r--p 0000f000 103:07 27264984                  /usr/lib/jvm/java-8-openjdk-amd64/jre/lib/amd64/libverify.so
7f703f560000-7f703f561000 rw-p 00011000 103:07 27264984                  /usr/lib/jvm/java-8-openjdk-amd64/jre/lib/amd64/libverify.so
7f703f561000-7f703f564000 r--p 00000000 103:07 27264952                  /usr/lib/jvm/java-8-openjdk-amd64/jre/lib/amd64/jli/libjli.so
7f703f564000-7f703f56e000 r-xp 00003000 103:07 27264952                  /usr/lib/jvm/java-8-openjdk-amd64/jre/lib/amd64/jli/libjli.so
7f703f56e000-7f703f571000 r--p 0000d000 103:07 27264952                  /usr/lib/jvm/java-8-openjdk-amd64/jre/lib/amd64/jli/libjli.so
7f703f571000-7f703f572000 r--p 0000f000 103:07 27264952                  /usr/lib/jvm/java-8-openjdk-amd64/jre/lib/amd64/jli/libjli.so
7f703f572000-7f703f573000 rw-p 00010000 103:07 27264952                  /usr/lib/jvm/java-8-openjdk-amd64/jre/lib/amd64/jli/libjli.so
7f703f573000-7f703f575000 rw-p 00000000 00:00 0 
7f703f575000-7f703f576000 r--p 00000000 103:07 27139118                  /usr/lib/x86_64-linux-gnu/ld-2.31.so
7f703f576000-7f703f599000 r-xp 00001000 103:07 27139118                  /usr/lib/x86_64-linux-gnu/ld-2.31.so
7f703f599000-7f703f5a1000 r--p 00024000 103:07 27139118                  /usr/lib/x86_64-linux-gnu/ld-2.31.so
7f703f5a1000-7f703f5a2000 ---p 00000000 00:00 0 
7f703f5a2000-7f703f5a3000 r--p 0002c000 103:07 27139118                  /usr/lib/x86_64-linux-gnu/ld-2.31.so
7f703f5a3000-7f703f5a4000 rw-p 0002d000 103:07 27139118                  /usr/lib/x86_64-linux-gnu/ld-2.31.so
7f703f5a4000-7f703f5a5000 rw-p 00000000 00:00 0 
7ffd41a16000-7ffd41a37000 rw-p 00000000 00:00 0                          [stack]
7ffd41b14000-7ffd41b18000 r--p 00000000 00:00 0                          [vvar]
7ffd41b18000-7ffd41b1a000 r-xp 00000000 00:00 0                          [vdso]
ffffffffff600000-ffffffffff601000 --xp 00000000 00:00 0                  [vsyscall]

VM Arguments:
java_command: dbpedia-spotlight-1.0.0.jar en http://localhost:2222/rest
java_class_path (initial): dbpedia-spotlight-1.0.0.jar
Launcher Type: SUN_STANDARD

Environment Variables:
PATH=/home/fcabla/.local/bin:/home/fcabla/.local/bin:/usr/local/sbin:/usr/local/bin:/usr/sbin:/usr/bin:/sbin:/bin:/usr/games:/usr/local/games:/snap/bin
USERNAME=fcabla
SHELL=/bin/bash
DISPLAY=:1

Signal Handlers:
SIGSEGV: [libjvm.so+0xb365d0], sa_mask[0]=11111111011111111101111111111110, sa_flags=SA_RESTART|SA_SIGINFO
SIGBUS: [libjvm.so+0xb365d0], sa_mask[0]=11111111011111111101111111111110, sa_flags=SA_RESTART|SA_SIGINFO
SIGFPE: [libjvm.so+0x97b8c0], sa_mask[0]=11111111011111111101111111111110, sa_flags=SA_RESTART|SA_SIGINFO
SIGPIPE: [libjvm.so+0x97b8c0], sa_mask[0]=11111111011111111101111111111110, sa_flags=SA_RESTART|SA_SIGINFO
SIGXFSZ: [libjvm.so+0x97b8c0], sa_mask[0]=11111111011111111101111111111110, sa_flags=SA_RESTART|SA_SIGINFO
SIGILL: [libjvm.so+0x97b8c0], sa_mask[0]=11111111011111111101111111111110, sa_flags=SA_RESTART|SA_SIGINFO
SIGUSR1: SIG_DFL, sa_mask[0]=00000000000000000000000000000000, sa_flags=none
SIGUSR2: [libjvm.so+0x97b770], sa_mask[0]=00000000000000000000000000000000, sa_flags=SA_RESTART|SA_SIGINFO
SIGHUP: [libjvm.so+0x97bb40], sa_mask[0]=11111111011111111101111111111110, sa_flags=SA_RESTART|SA_SIGINFO
SIGINT: [libjvm.so+0x97bb40], sa_mask[0]=11111111011111111101111111111110, sa_flags=SA_RESTART|SA_SIGINFO
SIGTERM: [libjvm.so+0x97bb40], sa_mask[0]=11111111011111111101111111111110, sa_flags=SA_RESTART|SA_SIGINFO
SIGQUIT: [libjvm.so+0x97bb40], sa_mask[0]=11111111011111111101111111111110, sa_flags=SA_RESTART|SA_SIGINFO


---------------  S Y S T E M  ---------------

OS:DISTRIB_ID=Ubuntu
DISTRIB_RELEASE=20.04
DISTRIB_CODENAME=focal
DISTRIB_DESCRIPTION="Ubuntu 20.04.3 LTS"

uname:Linux 5.11.0-37-generic #41~20.04.2-Ubuntu SMP Fri Sep 24 09:06:38 UTC 2021 x86_64
libc:glibc 2.31 NPTL 2.31 
rlimit: STACK 8192k, CORE 0k, NPROC 128003, NOFILE 1048576, AS infinity
load average:11,17 9,15 5,38

/proc/meminfo:
MemTotal:       32828104 kB
MemFree:        11164788 kB
MemAvailable:   16500076 kB
Buffers:           79784 kB
Cached:          5736004 kB
SwapCached:       118560 kB
Active:          1754712 kB
Inactive:       18913376 kB
Active(anon):    1359784 kB
Inactive(anon): 13664844 kB
Active(file):     394928 kB
Inactive(file):  5248532 kB
Unevictable:          32 kB
Mlocked:              32 kB
SwapTotal:       2097148 kB
SwapFree:         610692 kB
Dirty:               540 kB
Writeback:             0 kB
AnonPages:      14733884 kB
Mapped:          1757376 kB
Shmem:            172624 kB
KReclaimable:     112836 kB
Slab:             351840 kB
SReclaimable:     112836 kB
SUnreclaim:       239004 kB
KernelStack:       31536 kB
PageTables:        95052 kB
NFS_Unstable:          0 kB
Bounce:                0 kB
WritebackTmp:          0 kB
CommitLimit:    18511200 kB
Committed_AS:   33144360 kB
VmallocTotal:   34359738367 kB
VmallocUsed:       99184 kB
VmallocChunk:          0 kB
Percpu:            35840 kB
HardwareCorrupted:     0 kB
AnonHugePages:    800768 kB
ShmemHugePages:        0 kB
ShmemPmdMapped:        0 kB
FileHugePages:         0 kB
FilePmdMapped:         0 kB
HugePages_Total:       0
HugePages_Free:        0
HugePages_Rsvd:        0
HugePages_Surp:        0
Hugepagesize:       2048 kB
Hugetlb:               0 kB
DirectMap4k:      915560 kB
DirectMap2M:    25247744 kB
DirectMap1G:     7340032 kB

container (cgroup) information:
container_type: cgroupv1
cpu_cpuset_cpus: 0-23
cpu_memory_nodes: 0
active_processor_count: 24
cpu_quota: -1
cpu_period: 100000
cpu_shares: -1
memory_limit_in_bytes: -1
memory_and_swap_limit_in_bytes: -1
memory_soft_limit_in_bytes: -1
memory_usage_in_bytes: 20956766208
memory_max_usage_in_bytes: 32293109760


CPU:total 24 (initial active 24) (24 cores per cpu, 1 threads per core) family 23 model 113 stepping 0, cmov, cx8, fxsr, mmx, sse, sse2, sse3, ssse3, sse4.1, sse4.2, popcnt, avx, avx2, aes, clmul, mmxext, 3dnowpref, lzcnt, sse4a, tsc, tscinvbit, tscinv, bmi1

/proc/cpuinfo:
processor	: 0
vendor_id	: AuthenticAMD
cpu family	: 23
model		: 113
model name	: AMD Ryzen 9 3900X 12-Core Processor
stepping	: 0
microcode	: 0x8701021
cpu MHz		: 2200.000
cache size	: 512 KB
physical id	: 0
siblings	: 24
core id		: 0
cpu cores	: 12
apicid		: 0
initial apicid	: 0
fpu		: yes
fpu_exception	: yes
cpuid level	: 16
wp		: yes
flags		: fpu vme de pse tsc msr pae mce cx8 apic sep mtrr pge mca cmov pat pse36 clflush mmx fxsr sse sse2 ht syscall nx mmxext fxsr_opt pdpe1gb rdtscp lm constant_tsc rep_good nopl nonstop_tsc cpuid extd_apicid aperfmperf pni pclmulqdq monitor ssse3 fma cx16 sse4_1 sse4_2 movbe popcnt aes xsave avx f16c rdrand lahf_lm cmp_legacy svm extapic cr8_legacy abm sse4a misalignsse 3dnowprefetch osvw ibs skinit wdt tce topoext perfctr_core perfctr_nb bpext perfctr_llc mwaitx cpb cat_l3 cdp_l3 hw_pstate sme ssbd mba sev ibpb stibp vmmcall sev_es fsgsbase bmi1 avx2 smep bmi2 cqm rdt_a rdseed adx smap clflushopt clwb sha_ni xsaveopt xsavec xgetbv1 xsaves cqm_llc cqm_occup_llc cqm_mbm_total cqm_mbm_local clzero irperf xsaveerptr rdpru wbnoinvd arat npt lbrv svm_lock nrip_save tsc_scale vmcb_clean flushbyasid decodeassists pausefilter pfthreshold avic v_vmsave_vmload vgif umip rdpid overflow_recov succor smca
bugs		: sysret_ss_attrs spectre_v1 spectre_v2 spec_store_bypass
bogomips	: 7600.12
TLB size	: 3072 4K pages
clflush size	: 64
cache_alignment	: 64
address sizes	: 43 bits physical, 48 bits virtual
power management: ts ttp tm hwpstate cpb eff_freq_ro [13] [14]

processor	: 1
vendor_id	: AuthenticAMD
cpu family	: 23
model		: 113
model name	: AMD Ryzen 9 3900X 12-Core Processor
stepping	: 0
microcode	: 0x8701021
cpu MHz		: 4076.939
cache size	: 512 KB
physical id	: 0
siblings	: 24
core id		: 1
cpu cores	: 12
apicid		: 2
initial apicid	: 2
fpu		: yes
fpu_exception	: yes
cpuid level	: 16
wp		: yes
flags		: fpu vme de pse tsc msr pae mce cx8 apic sep mtrr pge mca cmov pat pse36 clflush mmx fxsr sse sse2 ht syscall nx mmxext fxsr_opt pdpe1gb rdtscp lm constant_tsc rep_good nopl nonstop_tsc cpuid extd_apicid aperfmperf pni pclmulqdq monitor ssse3 fma cx16 sse4_1 sse4_2 movbe popcnt aes xsave avx f16c rdrand lahf_lm cmp_legacy svm extapic cr8_legacy abm sse4a misalignsse 3dnowprefetch osvw ibs skinit wdt tce topoext perfctr_core perfctr_nb bpext perfctr_llc mwaitx cpb cat_l3 cdp_l3 hw_pstate sme ssbd mba sev ibpb stibp vmmcall sev_es fsgsbase bmi1 avx2 smep bmi2 cqm rdt_a rdseed adx smap clflushopt clwb sha_ni xsaveopt xsavec xgetbv1 xsaves cqm_llc cqm_occup_llc cqm_mbm_total cqm_mbm_local clzero irperf xsaveerptr rdpru wbnoinvd arat npt lbrv svm_lock nrip_save tsc_scale vmcb_clean flushbyasid decodeassists pausefilter pfthreshold avic v_vmsave_vmload vgif umip rdpid overflow_recov succor smca
bugs		: sysret_ss_attrs spectre_v1 spectre_v2 spec_store_bypass
bogomips	: 7600.12
TLB size	: 3072 4K pages
clflush size	: 64
cache_alignment	: 64
address sizes	: 43 bits physical, 48 bits virtual
power management: ts ttp tm hwpstate cpb eff_freq_ro [13] [14]

processor	: 2
vendor_id	: AuthenticAMD
cpu family	: 23
model		: 113
model name	: AMD Ryzen 9 3900X 12-Core Processor
stepping	: 0
microcode	: 0x8701021
cpu MHz		: 4076.989
cache size	: 512 KB
physical id	: 0
siblings	: 24
core id		: 2
cpu cores	: 12
apicid		: 4
initial apicid	: 4
fpu		: yes
fpu_exception	: yes
cpuid level	: 16
wp		: yes
flags		: fpu vme de pse tsc msr pae mce cx8 apic sep mtrr pge mca cmov pat pse36 clflush mmx fxsr sse sse2 ht syscall nx mmxext fxsr_opt pdpe1gb rdtscp lm constant_tsc rep_good nopl nonstop_tsc cpuid extd_apicid aperfmperf pni pclmulqdq monitor ssse3 fma cx16 sse4_1 sse4_2 movbe popcnt aes xsave avx f16c rdrand lahf_lm cmp_legacy svm extapic cr8_legacy abm sse4a misalignsse 3dnowprefetch osvw ibs skinit wdt tce topoext perfctr_core perfctr_nb bpext perfctr_llc mwaitx cpb cat_l3 cdp_l3 hw_pstate sme ssbd mba sev ibpb stibp vmmcall sev_es fsgsbase bmi1 avx2 smep bmi2 cqm rdt_a rdseed adx smap clflushopt clwb sha_ni xsaveopt xsavec xgetbv1 xsaves cqm_llc cqm_occup_llc cqm_mbm_total cqm_mbm_local clzero irperf xsaveerptr rdpru wbnoinvd arat npt lbrv svm_lock nrip_save tsc_scale vmcb_clean flushbyasid decodeassists pausefilter pfthreshold avic v_vmsave_vmload vgif umip rdpid overflow_recov succor smca
bugs		: sysret_ss_attrs spectre_v1 spectre_v2 spec_store_bypass
bogomips	: 7600.12
TLB size	: 3072 4K pages
clflush size	: 64
cache_alignment	: 64
address sizes	: 43 bits physical, 48 bits virtual
power management: ts ttp tm hwpstate cpb eff_freq_ro [13] [14]

processor	: 3
vendor_id	: AuthenticAMD
cpu family	: 23
model		: 113
model name	: AMD Ryzen 9 3900X 12-Core Processor
stepping	: 0
microcode	: 0x8701021
cpu MHz		: 2200.000
cache size	: 512 KB
physical id	: 0
siblings	: 24
core id		: 4
cpu cores	: 12
apicid		: 8
initial apicid	: 8
fpu		: yes
fpu_exception	: yes
cpuid level	: 16
wp		: yes
flags		: fpu vme de pse tsc msr pae mce cx8 apic sep mtrr pge mca cmov pat pse36 clflush mmx fxsr sse sse2 ht syscall nx mmxext fxsr_opt pdpe1gb rdtscp lm constant_tsc rep_good nopl nonstop_tsc cpuid extd_apicid aperfmperf pni pclmulqdq monitor ssse3 fma cx16 sse4_1 sse4_2 movbe popcnt aes xsave avx f16c rdrand lahf_lm cmp_legacy svm extapic cr8_legacy abm sse4a misalignsse 3dnowprefetch osvw ibs skinit wdt tce topoext perfctr_core perfctr_nb bpext perfctr_llc mwaitx cpb cat_l3 cdp_l3 hw_pstate sme ssbd mba sev ibpb stibp vmmcall sev_es fsgsbase bmi1 avx2 smep bmi2 cqm rdt_a rdseed adx smap clflushopt clwb sha_ni xsaveopt xsavec xgetbv1 xsaves cqm_llc cqm_occup_llc cqm_mbm_total cqm_mbm_local clzero irperf xsaveerptr rdpru wbnoinvd arat npt lbrv svm_lock nrip_save tsc_scale vmcb_clean flushbyasid decodeassists pausefilter pfthreshold avic v_vmsave_vmload vgif umip rdpid overflow_recov succor smca
bugs		: sysret_ss_attrs spectre_v1 spectre_v2 spec_store_bypass
bogomips	: 7600.12
TLB size	: 3072 4K pages
clflush size	: 64
cache_alignment	: 64
address sizes	: 43 bits physical, 48 bits virtual
power management: ts ttp tm hwpstate cpb eff_freq_ro [13] [14]

processor	: 4
vendor_id	: AuthenticAMD
cpu family	: 23
model		: 113
model name	: AMD Ryzen 9 3900X 12-Core Processor
stepping	: 0
microcode	: 0x8701021
cpu MHz		: 4077.076
cache size	: 512 KB
physical id	: 0
siblings	: 24
core id		: 5
cpu cores	: 12
apicid		: 10
initial apicid	: 10
fpu		: yes
fpu_exception	: yes
cpuid level	: 16
wp		: yes
flags		: fpu vme de pse tsc msr pae mce cx8 apic sep mtrr pge mca cmov pat pse36 clflush mmx fxsr sse sse2 ht syscall nx mmxext fxsr_opt pdpe1gb rdtscp lm constant_tsc rep_good nopl nonstop_tsc cpuid extd_apicid aperfmperf pni pclmulqdq monitor ssse3 fma cx16 sse4_1 sse4_2 movbe popcnt aes xsave avx f16c rdrand lahf_lm cmp_legacy svm extapic cr8_legacy abm sse4a misalignsse 3dnowprefetch osvw ibs skinit wdt tce topoext perfctr_core perfctr_nb bpext perfctr_llc mwaitx cpb cat_l3 cdp_l3 hw_pstate sme ssbd mba sev ibpb stibp vmmcall sev_es fsgsbase bmi1 avx2 smep bmi2 cqm rdt_a rdseed adx smap clflushopt clwb sha_ni xsaveopt xsavec xgetbv1 xsaves cqm_llc cqm_occup_llc cqm_mbm_total cqm_mbm_local clzero irperf xsaveerptr rdpru wbnoinvd arat npt lbrv svm_lock nrip_save tsc_scale vmcb_clean flushbyasid decodeassists pausefilter pfthreshold avic v_vmsave_vmload vgif umip rdpid overflow_recov succor smca
bugs		: sysret_ss_attrs spectre_v1 spectre_v2 spec_store_bypass
bogomips	: 7600.12
TLB size	: 3072 4K pages
clflush size	: 64
cache_alignment	: 64
address sizes	: 43 bits physical, 48 bits virtual
power management: ts ttp tm hwpstate cpb eff_freq_ro [13] [14]

processor	: 5
vendor_id	: AuthenticAMD
cpu family	: 23
model		: 113
model name	: AMD Ryzen 9 3900X 12-Core Processor
stepping	: 0
microcode	: 0x8701021
cpu MHz		: 4076.712
cache size	: 512 KB
physical id	: 0
siblings	: 24
core id		: 6
cpu cores	: 12
apicid		: 12
initial apicid	: 12
fpu		: yes
fpu_exception	: yes
cpuid level	: 16
wp		: yes
flags		: fpu vme de pse tsc msr pae mce cx8 apic sep mtrr pge mca cmov pat pse36 clflush mmx fxsr sse sse2 ht syscall nx mmxext fxsr_opt pdpe1gb rdtscp lm constant_tsc rep_good nopl nonstop_tsc cpuid extd_apicid aperfmperf pni pclmulqdq monitor ssse3 fma cx16 sse4_1 sse4_2 movbe popcnt aes xsave avx f16c rdrand lahf_lm cmp_legacy svm extapic cr8_legacy abm sse4a misalignsse 3dnowprefetch osvw ibs skinit wdt tce topoext perfctr_core perfctr_nb bpext perfctr_llc mwaitx cpb cat_l3 cdp_l3 hw_pstate sme ssbd mba sev ibpb stibp vmmcall sev_es fsgsbase bmi1 avx2 smep bmi2 cqm rdt_a rdseed adx smap clflushopt clwb sha_ni xsaveopt xsavec xgetbv1 xsaves cqm_llc cqm_occup_llc cqm_mbm_total cqm_mbm_local clzero irperf xsaveerptr rdpru wbnoinvd arat npt lbrv svm_lock nrip_save tsc_scale vmcb_clean flushbyasid decodeassists pausefilter pfthreshold avic v_vmsave_vmload vgif umip rdpid overflow_recov succor smca
bugs		: sysret_ss_attrs spectre_v1 spectre_v2 spec_store_bypass
bogomips	: 7600.12
TLB size	: 3072 4K pages
clflush size	: 64
cache_alignment	: 64
address sizes	: 43 bits physical, 48 bits virtual
power management: ts ttp tm hwpstate cpb eff_freq_ro [13] [14]

processor	: 6
vendor_id	: AuthenticAMD
cpu family	: 23
model		: 113
model name	: AMD Ryzen 9 3900X 12-Core Processor
stepping	: 0
microcode	: 0x8701021
cpu MHz		: 4075.493
cache size	: 512 KB
physical id	: 0
siblings	: 24
core id		: 8
cpu cores	: 12
apicid		: 16
initial apicid	: 16
fpu		: yes
fpu_exception	: yes
cpuid level	: 16
wp		: yes
flags		: fpu vme de pse tsc msr pae mce cx8 apic sep mtrr pge mca cmov pat pse36 clflush mmx fxsr sse sse2 ht syscall nx mmxext fxsr_opt pdpe1gb rdtscp lm constant_tsc rep_good nopl nonstop_tsc cpuid extd_apicid aperfmperf pni pclmulqdq monitor ssse3 fma cx16 sse4_1 sse4_2 movbe popcnt aes xsave avx f16c rdrand lahf_lm cmp_legacy svm extapic cr8_legacy abm sse4a misalignsse 3dnowprefetch osvw ibs skinit wdt tce topoext perfctr_core perfctr_nb bpext perfctr_llc mwaitx cpb cat_l3 cdp_l3 hw_pstate sme ssbd mba sev ibpb stibp vmmcall sev_es fsgsbase bmi1 avx2 smep bmi2 cqm rdt_a rdseed adx smap clflushopt clwb sha_ni xsaveopt xsavec xgetbv1 xsaves cqm_llc cqm_occup_llc cqm_mbm_total cqm_mbm_local clzero irperf xsaveerptr rdpru wbnoinvd arat npt lbrv svm_lock nrip_save tsc_scale vmcb_clean flushbyasid decodeassists pausefilter pfthreshold avic v_vmsave_vmload vgif umip rdpid overflow_recov succor smca
bugs		: sysret_ss_attrs spectre_v1 spectre_v2 spec_store_bypass
bogomips	: 7600.12
TLB size	: 3072 4K pages
clflush size	: 64
cache_alignment	: 64
address sizes	: 43 bits physical, 48 bits virtual
power management: ts ttp tm hwpstate cpb eff_freq_ro [13] [14]

processor	: 7
vendor_id	: AuthenticAMD
cpu family	: 23
model		: 113
model name	: AMD Ryzen 9 3900X 12-Core Processor
stepping	: 0
microcode	: 0x8701021
cpu MHz		: 2200.000
cache size	: 512 KB
physical id	: 0
siblings	: 24
core id		: 9
cpu cores	: 12
apicid		: 18
initial apicid	: 18
fpu		: yes
fpu_exception	: yes
cpuid level	: 16
wp		: yes
flags		: fpu vme de pse tsc msr pae mce cx8 apic sep mtrr pge mca cmov pat pse36 clflush mmx fxsr sse sse2 ht syscall nx mmxext fxsr_opt pdpe1gb rdtscp lm constant_tsc rep_good nopl nonstop_tsc cpuid extd_apicid aperfmperf pni pclmulqdq monitor ssse3 fma cx16 sse4_1 sse4_2 movbe popcnt aes xsave avx f16c rdrand lahf_lm cmp_legacy svm extapic cr8_legacy abm sse4a misalignsse 3dnowprefetch osvw ibs skinit wdt tce topoext perfctr_core perfctr_nb bpext perfctr_llc mwaitx cpb cat_l3 cdp_l3 hw_pstate sme ssbd mba sev ibpb stibp vmmcall sev_es fsgsbase bmi1 avx2 smep bmi2 cqm rdt_a rdseed adx smap clflushopt clwb sha_ni xsaveopt xsavec xgetbv1 xsaves cqm_llc cqm_occup_llc cqm_mbm_total cqm_mbm_local clzero irperf xsaveerptr rdpru wbnoinvd arat npt lbrv svm_lock nrip_save tsc_scale vmcb_clean flushbyasid decodeassists pausefilter pfthreshold avic v_vmsave_vmload vgif umip rdpid overflow_recov succor smca
bugs		: sysret_ss_attrs spectre_v1 spectre_v2 spec_store_bypass
bogomips	: 7600.12
TLB size	: 3072 4K pages
clflush size	: 64
cache_alignment	: 64
address sizes	: 43 bits physical, 48 bits virtual
power management: ts ttp tm hwpstate cpb eff_freq_ro [13] [14]

processor	: 8
vendor_id	: AuthenticAMD
cpu family	: 23
model		: 113
model name	: AMD Ryzen 9 3900X 12-Core Processor
stepping	: 0
microcode	: 0x8701021
cpu MHz		: 3183.211
cache size	: 512 KB
physical id	: 0
siblings	: 24
core id		: 10
cpu cores	: 12
apicid		: 20
initial apicid	: 20
fpu		: yes
fpu_exception	: yes
cpuid level	: 16
wp		: yes
flags		: fpu vme de pse tsc msr pae mce cx8 apic sep mtrr pge mca cmov pat pse36 clflush mmx fxsr sse sse2 ht syscall nx mmxext fxsr_opt pdpe1gb rdtscp lm constant_tsc rep_good nopl nonstop_tsc cpuid extd_apicid aperfmperf pni pclmulqdq monitor ssse3 fma cx16 sse4_1 sse4_2 movbe popcnt aes xsave avx f16c rdrand lahf_lm cmp_legacy svm extapic cr8_legacy abm sse4a misalignsse 3dnowprefetch osvw ibs skinit wdt tce topoext perfctr_core perfctr_nb bpext perfctr_llc mwaitx cpb cat_l3 cdp_l3 hw_pstate sme ssbd mba sev ibpb stibp vmmcall sev_es fsgsbase bmi1 avx2 smep bmi2 cqm rdt_a rdseed adx smap clflushopt clwb sha_ni xsaveopt xsavec xgetbv1 xsaves cqm_llc cqm_occup_llc cqm_mbm_total cqm_mbm_local clzero irperf xsaveerptr rdpru wbnoinvd arat npt lbrv svm_lock nrip_save tsc_scale vmcb_clean flushbyasid decodeassists pausefilter pfthreshold avic v_vmsave_vmload vgif umip rdpid overflow_recov succor smca
bugs		: sysret_ss_attrs spectre_v1 spectre_v2 spec_store_bypass
bogomips	: 7600.12
TLB size	: 3072 4K pages
clflush size	: 64
cache_alignment	: 64
address sizes	: 43 bits physical, 48 bits virtual
power management: ts ttp tm hwpstate cpb eff_freq_ro [13] [14]

processor	: 9
vendor_id	: AuthenticAMD
cpu family	: 23
model		: 113
model name	: AMD Ryzen 9 3900X 12-Core Processor
stepping	: 0
microcode	: 0x8701021
cpu MHz		: 4076.755
cache size	: 512 KB
physical id	: 0
siblings	: 24
core id		: 12
cpu cores	: 12
apicid		: 24
initial apicid	: 24
fpu		: yes
fpu_exception	: yes
cpuid level	: 16
wp		: yes
flags		: fpu vme de pse tsc msr pae mce cx8 apic sep mtrr pge mca cmov pat pse36 clflush mmx fxsr sse sse2 ht syscall nx mmxext fxsr_opt pdpe1gb rdtscp lm constant_tsc rep_good nopl nonstop_tsc cpuid extd_apicid aperfmperf pni pclmulqdq monitor ssse3 fma cx16 sse4_1 sse4_2 movbe popcnt aes xsave avx f16c rdrand lahf_lm cmp_legacy svm extapic cr8_legacy abm sse4a misalignsse 3dnowprefetch osvw ibs skinit wdt tce topoext perfctr_core perfctr_nb bpext perfctr_llc mwaitx cpb cat_l3 cdp_l3 hw_pstate sme ssbd mba sev ibpb stibp vmmcall sev_es fsgsbase bmi1 avx2 smep bmi2 cqm rdt_a rdseed adx smap clflushopt clwb sha_ni xsaveopt xsavec xgetbv1 xsaves cqm_llc cqm_occup_llc cqm_mbm_total cqm_mbm_local clzero irperf xsaveerptr rdpru wbnoinvd arat npt lbrv svm_lock nrip_save tsc_scale vmcb_clean flushbyasid decodeassists pausefilter pfthreshold avic v_vmsave_vmload vgif umip rdpid overflow_recov succor smca
bugs		: sysret_ss_attrs spectre_v1 spectre_v2 spec_store_bypass
bogomips	: 7600.12
TLB size	: 3072 4K pages
clflush size	: 64
cache_alignment	: 64
address sizes	: 43 bits physical, 48 bits virtual
power management: ts ttp tm hwpstate cpb eff_freq_ro [13] [14]

processor	: 10
vendor_id	: AuthenticAMD
cpu family	: 23
model		: 113
model name	: AMD Ryzen 9 3900X 12-Core Processor
stepping	: 0
microcode	: 0x8701021
cpu MHz		: 4076.928
cache size	: 512 KB
physical id	: 0
siblings	: 24
core id		: 13
cpu cores	: 12
apicid		: 26
initial apicid	: 26
fpu		: yes
fpu_exception	: yes
cpuid level	: 16
wp		: yes
flags		: fpu vme de pse tsc msr pae mce cx8 apic sep mtrr pge mca cmov pat pse36 clflush mmx fxsr sse sse2 ht syscall nx mmxext fxsr_opt pdpe1gb rdtscp lm constant_tsc rep_good nopl nonstop_tsc cpuid extd_apicid aperfmperf pni pclmulqdq monitor ssse3 fma cx16 sse4_1 sse4_2 movbe popcnt aes xsave avx f16c rdrand lahf_lm cmp_legacy svm extapic cr8_legacy abm sse4a misalignsse 3dnowprefetch osvw ibs skinit wdt tce topoext perfctr_core perfctr_nb bpext perfctr_llc mwaitx cpb cat_l3 cdp_l3 hw_pstate sme ssbd mba sev ibpb stibp vmmcall sev_es fsgsbase bmi1 avx2 smep bmi2 cqm rdt_a rdseed adx smap clflushopt clwb sha_ni xsaveopt xsavec xgetbv1 xsaves cqm_llc cqm_occup_llc cqm_mbm_total cqm_mbm_local clzero irperf xsaveerptr rdpru wbnoinvd arat npt lbrv svm_lock nrip_save tsc_scale vmcb_clean flushbyasid decodeassists pausefilter pfthreshold avic v_vmsave_vmload vgif umip rdpid overflow_recov succor smca
bugs		: sysret_ss_attrs spectre_v1 spectre_v2 spec_store_bypass
bogomips	: 7600.12
TLB size	: 3072 4K pages
clflush size	: 64
cache_alignment	: 64
address sizes	: 43 bits physical, 48 bits virtual
power management: ts ttp tm hwpstate cpb eff_freq_ro [13] [14]

processor	: 11
vendor_id	: AuthenticAMD
cpu family	: 23
model		: 113
model name	: AMD Ryzen 9 3900X 12-Core Processor
stepping	: 0
microcode	: 0x8701021
cpu MHz		: 2200.000
cache size	: 512 KB
physical id	: 0
siblings	: 24
core id		: 14
cpu cores	: 12
apicid		: 28
initial apicid	: 28
fpu		: yes
fpu_exception	: yes
cpuid level	: 16
wp		: yes
flags		: fpu vme de pse tsc msr pae mce cx8 apic sep mtrr pge mca cmov pat pse36 clflush mmx fxsr sse sse2 ht syscall nx mmxext fxsr_opt pdpe1gb rdtscp lm constant_tsc rep_good nopl nonstop_tsc cpuid extd_apicid aperfmperf pni pclmulqdq monitor ssse3 fma cx16 sse4_1 sse4_2 movbe popcnt aes xsave avx f16c rdrand lahf_lm cmp_legacy svm extapic cr8_legacy abm sse4a misalignsse 3dnowprefetch osvw ibs skinit wdt tce topoext perfctr_core perfctr_nb bpext perfctr_llc mwaitx cpb cat_l3 cdp_l3 hw_pstate sme ssbd mba sev ibpb stibp vmmcall sev_es fsgsbase bmi1 avx2 smep bmi2 cqm rdt_a rdseed adx smap clflushopt clwb sha_ni xsaveopt xsavec xgetbv1 xsaves cqm_llc cqm_occup_llc cqm_mbm_total cqm_mbm_local clzero irperf xsaveerptr rdpru wbnoinvd arat npt lbrv svm_lock nrip_save tsc_scale vmcb_clean flushbyasid decodeassists pausefilter pfthreshold avic v_vmsave_vmload vgif umip rdpid overflow_recov succor smca
bugs		: sysret_ss_attrs spectre_v1 spectre_v2 spec_store_bypass
bogomips	: 7600.12
TLB size	: 3072 4K pages
clflush size	: 64
cache_alignment	: 64
address sizes	: 43 bits physical, 48 bits virtual
power management: ts ttp tm hwpstate cpb eff_freq_ro [13] [14]

processor	: 12
vendor_id	: AuthenticAMD
cpu family	: 23
model		: 113
model name	: AMD Ryzen 9 3900X 12-Core Processor
stepping	: 0
microcode	: 0x8701021
cpu MHz		: 4076.702
cache size	: 512 KB
physical id	: 0
siblings	: 24
core id		: 0
cpu cores	: 12
apicid		: 1
initial apicid	: 1
fpu		: yes
fpu_exception	: yes
cpuid level	: 16
wp		: yes
flags		: fpu vme de pse tsc msr pae mce cx8 apic sep mtrr pge mca cmov pat pse36 clflush mmx fxsr sse sse2 ht syscall nx mmxext fxsr_opt pdpe1gb rdtscp lm constant_tsc rep_good nopl nonstop_tsc cpuid extd_apicid aperfmperf pni pclmulqdq monitor ssse3 fma cx16 sse4_1 sse4_2 movbe popcnt aes xsave avx f16c rdrand lahf_lm cmp_legacy svm extapic cr8_legacy abm sse4a misalignsse 3dnowprefetch osvw ibs skinit wdt tce topoext perfctr_core perfctr_nb bpext perfctr_llc mwaitx cpb cat_l3 cdp_l3 hw_pstate sme ssbd mba sev ibpb stibp vmmcall sev_es fsgsbase bmi1 avx2 smep bmi2 cqm rdt_a rdseed adx smap clflushopt clwb sha_ni xsaveopt xsavec xgetbv1 xsaves cqm_llc cqm_occup_llc cqm_mbm_total cqm_mbm_local clzero irperf xsaveerptr rdpru wbnoinvd arat npt lbrv svm_lock nrip_save tsc_scale vmcb_clean flushbyasid decodeassists pausefilter pfthreshold avic v_vmsave_vmload vgif umip rdpid overflow_recov succor smca
bugs		: sysret_ss_attrs spectre_v1 spectre_v2 spec_store_bypass
bogomips	: 7600.12
TLB size	: 3072 4K pages
clflush size	: 64
cache_alignment	: 64
address sizes	: 43 bits physical, 48 bits virtual
power management: ts ttp tm hwpstate cpb eff_freq_ro [13] [14]

processor	: 13
vendor_id	: AuthenticAMD
cpu family	: 23
model		: 113
model name	: AMD Ryzen 9 3900X 12-Core Processor
stepping	: 0
microcode	: 0x8701021
cpu MHz		: 4076.681
cache size	: 512 KB
physical id	: 0
siblings	: 24
core id		: 1
cpu cores	: 12
apicid		: 3
initial apicid	: 3
fpu		: yes
fpu_exception	: yes
cpuid level	: 16
wp		: yes
flags		: fpu vme de pse tsc msr pae mce cx8 apic sep mtrr pge mca cmov pat pse36 clflush mmx fxsr sse sse2 ht syscall nx mmxext fxsr_opt pdpe1gb rdtscp lm constant_tsc rep_good nopl nonstop_tsc cpuid extd_apicid aperfmperf pni pclmulqdq monitor ssse3 fma cx16 sse4_1 sse4_2 movbe popcnt aes xsave avx f16c rdrand lahf_lm cmp_legacy svm extapic cr8_legacy abm sse4a misalignsse 3dnowprefetch osvw ibs skinit wdt tce topoext perfctr_core perfctr_nb bpext perfctr_llc mwaitx cpb cat_l3 cdp_l3 hw_pstate sme ssbd mba sev ibpb stibp vmmcall sev_es fsgsbase bmi1 avx2 smep bmi2 cqm rdt_a rdseed adx smap clflushopt clwb sha_ni xsaveopt xsavec xgetbv1 xsaves cqm_llc cqm_occup_llc cqm_mbm_total cqm_mbm_local clzero irperf xsaveerptr rdpru wbnoinvd arat npt lbrv svm_lock nrip_save tsc_scale vmcb_clean flushbyasid decodeassists pausefilter pfthreshold avic v_vmsave_vmload vgif umip rdpid overflow_recov succor smca
bugs		: sysret_ss_attrs spectre_v1 spectre_v2 spec_store_bypass
bogomips	: 7600.12
TLB size	: 3072 4K pages
clflush size	: 64
cache_alignment	: 64
address sizes	: 43 bits physical, 48 bits virtual
power management: ts ttp tm hwpstate cpb eff_freq_ro [13] [14]

processor	: 14
vendor_id	: AuthenticAMD
cpu family	: 23
model		: 113
model name	: AMD Ryzen 9 3900X 12-Core Processor
stepping	: 0
microcode	: 0x8701021
cpu MHz		: 4076.723
cache size	: 512 KB
physical id	: 0
siblings	: 24
core id		: 2
cpu cores	: 12
apicid		: 5
initial apicid	: 5
fpu		: yes
fpu_exception	: yes
cpuid level	: 16
wp		: yes
flags		: fpu vme de pse tsc msr pae mce cx8 apic sep mtrr pge mca cmov pat pse36 clflush mmx fxsr sse sse2 ht syscall nx mmxext fxsr_opt pdpe1gb rdtscp lm constant_tsc rep_good nopl nonstop_tsc cpuid extd_apicid aperfmperf pni pclmulqdq monitor ssse3 fma cx16 sse4_1 sse4_2 movbe popcnt aes xsave avx f16c rdrand lahf_lm cmp_legacy svm extapic cr8_legacy abm sse4a misalignsse 3dnowprefetch osvw ibs skinit wdt tce topoext perfctr_core perfctr_nb bpext perfctr_llc mwaitx cpb cat_l3 cdp_l3 hw_pstate sme ssbd mba sev ibpb stibp vmmcall sev_es fsgsbase bmi1 avx2 smep bmi2 cqm rdt_a rdseed adx smap clflushopt clwb sha_ni xsaveopt xsavec xgetbv1 xsaves cqm_llc cqm_occup_llc cqm_mbm_total cqm_mbm_local clzero irperf xsaveerptr rdpru wbnoinvd arat npt lbrv svm_lock nrip_save tsc_scale vmcb_clean flushbyasid decodeassists pausefilter pfthreshold avic v_vmsave_vmload vgif umip rdpid overflow_recov succor smca
bugs		: sysret_ss_attrs spectre_v1 spectre_v2 spec_store_bypass
bogomips	: 7600.12
TLB size	: 3072 4K pages
clflush size	: 64
cache_alignment	: 64
address sizes	: 43 bits physical, 48 bits virtual
power management: ts ttp tm hwpstate cpb eff_freq_ro [13] [14]

processor	: 15
vendor_id	: AuthenticAMD
cpu family	: 23
model		: 113
model name	: AMD Ryzen 9 3900X 12-Core Processor
stepping	: 0
microcode	: 0x8701021
cpu MHz		: 4076.584
cache size	: 512 KB
physical id	: 0
siblings	: 24
core id		: 4
cpu cores	: 12
apicid		: 9
initial apicid	: 9
fpu		: yes
fpu_exception	: yes
cpuid level	: 16
wp		: yes
flags		: fpu vme de pse tsc msr pae mce cx8 apic sep mtrr pge mca cmov pat pse36 clflush mmx fxsr sse sse2 ht syscall nx mmxext fxsr_opt pdpe1gb rdtscp lm constant_tsc rep_good nopl nonstop_tsc cpuid extd_apicid aperfmperf pni pclmulqdq monitor ssse3 fma cx16 sse4_1 sse4_2 movbe popcnt aes xsave avx f16c rdrand lahf_lm cmp_legacy svm extapic cr8_legacy abm sse4a misalignsse 3dnowprefetch osvw ibs skinit wdt tce topoext perfctr_core perfctr_nb bpext perfctr_llc mwaitx cpb cat_l3 cdp_l3 hw_pstate sme ssbd mba sev ibpb stibp vmmcall sev_es fsgsbase bmi1 avx2 smep bmi2 cqm rdt_a rdseed adx smap clflushopt clwb sha_ni xsaveopt xsavec xgetbv1 xsaves cqm_llc cqm_occup_llc cqm_mbm_total cqm_mbm_local clzero irperf xsaveerptr rdpru wbnoinvd arat npt lbrv svm_lock nrip_save tsc_scale vmcb_clean flushbyasid decodeassists pausefilter pfthreshold avic v_vmsave_vmload vgif umip rdpid overflow_recov succor smca
bugs		: sysret_ss_attrs spectre_v1 spectre_v2 spec_store_bypass
bogomips	: 7600.12
TLB size	: 3072 4K pages
clflush size	: 64
cache_alignment	: 64
address sizes	: 43 bits physical, 48 bits virtual
power management: ts ttp tm hwpstate cpb eff_freq_ro [13] [14]

processor	: 16
vendor_id	: AuthenticAMD
cpu family	: 23
model		: 113
model name	: AMD Ryzen 9 3900X 12-Core Processor
stepping	: 0
microcode	: 0x8701021
cpu MHz		: 4076.804
cache size	: 512 KB
physical id	: 0
siblings	: 24
core id		: 5
cpu cores	: 12
apicid		: 11
initial apicid	: 11
fpu		: yes
fpu_exception	: yes
cpuid level	: 16
wp		: yes
flags		: fpu vme de pse tsc msr pae mce cx8 apic sep mtrr pge mca cmov pat pse36 clflush mmx fxsr sse sse2 ht syscall nx mmxext fxsr_opt pdpe1gb rdtscp lm constant_tsc rep_good nopl nonstop_tsc cpuid extd_apicid aperfmperf pni pclmulqdq monitor ssse3 fma cx16 sse4_1 sse4_2 movbe popcnt aes xsave avx f16c rdrand lahf_lm cmp_legacy svm extapic cr8_legacy abm sse4a misalignsse 3dnowprefetch osvw ibs skinit wdt tce topoext perfctr_core perfctr_nb bpext perfctr_llc mwaitx cpb cat_l3 cdp_l3 hw_pstate sme ssbd mba sev ibpb stibp vmmcall sev_es fsgsbase bmi1 avx2 smep bmi2 cqm rdt_a rdseed adx smap clflushopt clwb sha_ni xsaveopt xsavec xgetbv1 xsaves cqm_llc cqm_occup_llc cqm_mbm_total cqm_mbm_local clzero irperf xsaveerptr rdpru wbnoinvd arat npt lbrv svm_lock nrip_save tsc_scale vmcb_clean flushbyasid decodeassists pausefilter pfthreshold avic v_vmsave_vmload vgif umip rdpid overflow_recov succor smca
bugs		: sysret_ss_attrs spectre_v1 spectre_v2 spec_store_bypass
bogomips	: 7600.12
TLB size	: 3072 4K pages
clflush size	: 64
cache_alignment	: 64
address sizes	: 43 bits physical, 48 bits virtual
power management: ts ttp tm hwpstate cpb eff_freq_ro [13] [14]

processor	: 17
vendor_id	: AuthenticAMD
cpu family	: 23
model		: 113
model name	: AMD Ryzen 9 3900X 12-Core Processor
stepping	: 0
microcode	: 0x8701021
cpu MHz		: 4076.489
cache size	: 512 KB
physical id	: 0
siblings	: 24
core id		: 6
cpu cores	: 12
apicid		: 13
initial apicid	: 13
fpu		: yes
fpu_exception	: yes
cpuid level	: 16
wp		: yes
flags		: fpu vme de pse tsc msr pae mce cx8 apic sep mtrr pge mca cmov pat pse36 clflush mmx fxsr sse sse2 ht syscall nx mmxext fxsr_opt pdpe1gb rdtscp lm constant_tsc rep_good nopl nonstop_tsc cpuid extd_apicid aperfmperf pni pclmulqdq monitor ssse3 fma cx16 sse4_1 sse4_2 movbe popcnt aes xsave avx f16c rdrand lahf_lm cmp_legacy svm extapic cr8_legacy abm sse4a misalignsse 3dnowprefetch osvw ibs skinit wdt tce topoext perfctr_core perfctr_nb bpext perfctr_llc mwaitx cpb cat_l3 cdp_l3 hw_pstate sme ssbd mba sev ibpb stibp vmmcall sev_es fsgsbase bmi1 avx2 smep bmi2 cqm rdt_a rdseed adx smap clflushopt clwb sha_ni xsaveopt xsavec xgetbv1 xsaves cqm_llc cqm_occup_llc cqm_mbm_total cqm_mbm_local clzero irperf xsaveerptr rdpru wbnoinvd arat npt lbrv svm_lock nrip_save tsc_scale vmcb_clean flushbyasid decodeassists pausefilter pfthreshold avic v_vmsave_vmload vgif umip rdpid overflow_recov succor smca
bugs		: sysret_ss_attrs spectre_v1 spectre_v2 spec_store_bypass
bogomips	: 7600.12
TLB size	: 3072 4K pages
clflush size	: 64
cache_alignment	: 64
address sizes	: 43 bits physical, 48 bits virtual
power management: ts ttp tm hwpstate cpb eff_freq_ro [13] [14]

processor	: 18
vendor_id	: AuthenticAMD
cpu family	: 23
model		: 113
model name	: AMD Ryzen 9 3900X 12-Core Processor
stepping	: 0
microcode	: 0x8701021
cpu MHz		: 4075.369
cache size	: 512 KB
physical id	: 0
siblings	: 24
core id		: 8
cpu cores	: 12
apicid		: 17
initial apicid	: 17
fpu		: yes
fpu_exception	: yes
cpuid level	: 16
wp		: yes
flags		: fpu vme de pse tsc msr pae mce cx8 apic sep mtrr pge mca cmov pat pse36 clflush mmx fxsr sse sse2 ht syscall nx mmxext fxsr_opt pdpe1gb rdtscp lm constant_tsc rep_good nopl nonstop_tsc cpuid extd_apicid aperfmperf pni pclmulqdq monitor ssse3 fma cx16 sse4_1 sse4_2 movbe popcnt aes xsave avx f16c rdrand lahf_lm cmp_legacy svm extapic cr8_legacy abm sse4a misalignsse 3dnowprefetch osvw ibs skinit wdt tce topoext perfctr_core perfctr_nb bpext perfctr_llc mwaitx cpb cat_l3 cdp_l3 hw_pstate sme ssbd mba sev ibpb stibp vmmcall sev_es fsgsbase bmi1 avx2 smep bmi2 cqm rdt_a rdseed adx smap clflushopt clwb sha_ni xsaveopt xsavec xgetbv1 xsaves cqm_llc cqm_occup_llc cqm_mbm_total cqm_mbm_local clzero irperf xsaveerptr rdpru wbnoinvd arat npt lbrv svm_lock nrip_save tsc_scale vmcb_clean flushbyasid decodeassists pausefilter pfthreshold avic v_vmsave_vmload vgif umip rdpid overflow_recov succor smca
bugs		: sysret_ss_attrs spectre_v1 spectre_v2 spec_store_bypass
bogomips	: 7600.12
TLB size	: 3072 4K pages
clflush size	: 64
cache_alignment	: 64
address sizes	: 43 bits physical, 48 bits virtual
power management: ts ttp tm hwpstate cpb eff_freq_ro [13] [14]

processor	: 19
vendor_id	: AuthenticAMD
cpu family	: 23
model		: 113
model name	: AMD Ryzen 9 3900X 12-Core Processor
stepping	: 0
microcode	: 0x8701021
cpu MHz		: 4075.482
cache size	: 512 KB
physical id	: 0
siblings	: 24
core id		: 9
cpu cores	: 12
apicid		: 19
initial apicid	: 19
fpu		: yes
fpu_exception	: yes
cpuid level	: 16
wp		: yes
flags		: fpu vme de pse tsc msr pae mce cx8 apic sep mtrr pge mca cmov pat pse36 clflush mmx fxsr sse sse2 ht syscall nx mmxext fxsr_opt pdpe1gb rdtscp lm constant_tsc rep_good nopl nonstop_tsc cpuid extd_apicid aperfmperf pni pclmulqdq monitor ssse3 fma cx16 sse4_1 sse4_2 movbe popcnt aes xsave avx f16c rdrand lahf_lm cmp_legacy svm extapic cr8_legacy abm sse4a misalignsse 3dnowprefetch osvw ibs skinit wdt tce topoext perfctr_core perfctr_nb bpext perfctr_llc mwaitx cpb cat_l3 cdp_l3 hw_pstate sme ssbd mba sev ibpb stibp vmmcall sev_es fsgsbase bmi1 avx2 smep bmi2 cqm rdt_a rdseed adx smap clflushopt clwb sha_ni xsaveopt xsavec xgetbv1 xsaves cqm_llc cqm_occup_llc cqm_mbm_total cqm_mbm_local clzero irperf xsaveerptr rdpru wbnoinvd arat npt lbrv svm_lock nrip_save tsc_scale vmcb_clean flushbyasid decodeassists pausefilter pfthreshold avic v_vmsave_vmload vgif umip rdpid overflow_recov succor smca
bugs		: sysret_ss_attrs spectre_v1 spectre_v2 spec_store_bypass
bogomips	: 7600.12
TLB size	: 3072 4K pages
clflush size	: 64
cache_alignment	: 64
address sizes	: 43 bits physical, 48 bits virtual
power management: ts ttp tm hwpstate cpb eff_freq_ro [13] [14]

processor	: 20
vendor_id	: AuthenticAMD
cpu family	: 23
model		: 113
model name	: AMD Ryzen 9 3900X 12-Core Processor
stepping	: 0
microcode	: 0x8701021
cpu MHz		: 2493.320
cache size	: 512 KB
physical id	: 0
siblings	: 24
core id		: 10
cpu cores	: 12
apicid		: 21
initial apicid	: 21
fpu		: yes
fpu_exception	: yes
cpuid level	: 16
wp		: yes
flags		: fpu vme de pse tsc msr pae mce cx8 apic sep mtrr pge mca cmov pat pse36 clflush mmx fxsr sse sse2 ht syscall nx mmxext fxsr_opt pdpe1gb rdtscp lm constant_tsc rep_good nopl nonstop_tsc cpuid extd_apicid aperfmperf pni pclmulqdq monitor ssse3 fma cx16 sse4_1 sse4_2 movbe popcnt aes xsave avx f16c rdrand lahf_lm cmp_legacy svm extapic cr8_legacy abm sse4a misalignsse 3dnowprefetch osvw ibs skinit wdt tce topoext perfctr_core perfctr_nb bpext perfctr_llc mwaitx cpb cat_l3 cdp_l3 hw_pstate sme ssbd mba sev ibpb stibp vmmcall sev_es fsgsbase bmi1 avx2 smep bmi2 cqm rdt_a rdseed adx smap clflushopt clwb sha_ni xsaveopt xsavec xgetbv1 xsaves cqm_llc cqm_occup_llc cqm_mbm_total cqm_mbm_local clzero irperf xsaveerptr rdpru wbnoinvd arat npt lbrv svm_lock nrip_save tsc_scale vmcb_clean flushbyasid decodeassists pausefilter pfthreshold avic v_vmsave_vmload vgif umip rdpid overflow_recov succor smca
bugs		: sysret_ss_attrs spectre_v1 spectre_v2 spec_store_bypass
bogomips	: 7600.12
TLB size	: 3072 4K pages
clflush size	: 64
cache_alignment	: 64
address sizes	: 43 bits physical, 48 bits virtual
power management: ts ttp tm hwpstate cpb eff_freq_ro [13] [14]

processor	: 21
vendor_id	: AuthenticAMD
cpu family	: 23
model		: 113
model name	: AMD Ryzen 9 3900X 12-Core Processor
stepping	: 0
microcode	: 0x8701021
cpu MHz		: 2200.000
cache size	: 512 KB
physical id	: 0
siblings	: 24
core id		: 12
cpu cores	: 12
apicid		: 25
initial apicid	: 25
fpu		: yes
fpu_exception	: yes
cpuid level	: 16
wp		: yes
flags		: fpu vme de pse tsc msr pae mce cx8 apic sep mtrr pge mca cmov pat pse36 clflush mmx fxsr sse sse2 ht syscall nx mmxext fxsr_opt pdpe1gb rdtscp lm constant_tsc rep_good nopl nonstop_tsc cpuid extd_apicid aperfmperf pni pclmulqdq monitor ssse3 fma cx16 sse4_1 sse4_2 movbe popcnt aes xsave avx f16c rdrand lahf_lm cmp_legacy svm extapic cr8_legacy abm sse4a misalignsse 3dnowprefetch osvw ibs skinit wdt tce topoext perfctr_core perfctr_nb bpext perfctr_llc mwaitx cpb cat_l3 cdp_l3 hw_pstate sme ssbd mba sev ibpb stibp vmmcall sev_es fsgsbase bmi1 avx2 smep bmi2 cqm rdt_a rdseed adx smap clflushopt clwb sha_ni xsaveopt xsavec xgetbv1 xsaves cqm_llc cqm_occup_llc cqm_mbm_total cqm_mbm_local clzero irperf xsaveerptr rdpru wbnoinvd arat npt lbrv svm_lock nrip_save tsc_scale vmcb_clean flushbyasid decodeassists pausefilter pfthreshold avic v_vmsave_vmload vgif umip rdpid overflow_recov succor smca
bugs		: sysret_ss_attrs spectre_v1 spectre_v2 spec_store_bypass
bogomips	: 7600.12
TLB size	: 3072 4K pages
clflush size	: 64
cache_alignment	: 64
address sizes	: 43 bits physical, 48 bits virtual
power management: ts ttp tm hwpstate cpb eff_freq_ro [13] [14]

processor	: 22
vendor_id	: AuthenticAMD
cpu family	: 23
model		: 113
model name	: AMD Ryzen 9 3900X 12-Core Processor
stepping	: 0
microcode	: 0x8701021
cpu MHz		: 4076.689
cache size	: 512 KB
physical id	: 0
siblings	: 24
core id		: 13
cpu cores	: 12
apicid		: 27
initial apicid	: 27
fpu		: yes
fpu_exception	: yes
cpuid level	: 16
wp		: yes
flags		: fpu vme de pse tsc msr pae mce cx8 apic sep mtrr pge mca cmov pat pse36 clflush mmx fxsr sse sse2 ht syscall nx mmxext fxsr_opt pdpe1gb rdtscp lm constant_tsc rep_good nopl nonstop_tsc cpuid extd_apicid aperfmperf pni pclmulqdq monitor ssse3 fma cx16 sse4_1 sse4_2 movbe popcnt aes xsave avx f16c rdrand lahf_lm cmp_legacy svm extapic cr8_legacy abm sse4a misalignsse 3dnowprefetch osvw ibs skinit wdt tce topoext perfctr_core perfctr_nb bpext perfctr_llc mwaitx cpb cat_l3 cdp_l3 hw_pstate sme ssbd mba sev ibpb stibp vmmcall sev_es fsgsbase bmi1 avx2 smep bmi2 cqm rdt_a rdseed adx smap clflushopt clwb sha_ni xsaveopt xsavec xgetbv1 xsaves cqm_llc cqm_occup_llc cqm_mbm_total cqm_mbm_local clzero irperf xsaveerptr rdpru wbnoinvd arat npt lbrv svm_lock nrip_save tsc_scale vmcb_clean flushbyasid decodeassists pausefilter pfthreshold avic v_vmsave_vmload vgif umip rdpid overflow_recov succor smca
bugs		: sysret_ss_attrs spectre_v1 spectre_v2 spec_store_bypass
bogomips	: 7600.12
TLB size	: 3072 4K pages
clflush size	: 64
cache_alignment	: 64
address sizes	: 43 bits physical, 48 bits virtual
power management: ts ttp tm hwpstate cpb eff_freq_ro [13] [14]

processor	: 23
vendor_id	: AuthenticAMD
cpu family	: 23
model		: 113
model name	: AMD Ryzen 9 3900X 12-Core Processor
stepping	: 0
microcode	: 0x8701021
cpu MHz		: 4076.394
cache size	: 512 KB
physical id	: 0
siblings	: 24
core id		: 14
cpu cores	: 12
apicid		: 29
initial apicid	: 29
fpu		: yes
fpu_exception	: yes
cpuid level	: 16
wp		: yes
flags		: fpu vme de pse tsc msr pae mce cx8 apic sep mtrr pge mca cmov pat pse36 clflush mmx fxsr sse sse2 ht syscall nx mmxext fxsr_opt pdpe1gb rdtscp lm constant_tsc rep_good nopl nonstop_tsc cpuid extd_apicid aperfmperf pni pclmulqdq monitor ssse3 fma cx16 sse4_1 sse4_2 movbe popcnt aes xsave avx f16c rdrand lahf_lm cmp_legacy svm extapic cr8_legacy abm sse4a misalignsse 3dnowprefetch osvw ibs skinit wdt tce topoext perfctr_core perfctr_nb bpext perfctr_llc mwaitx cpb cat_l3 cdp_l3 hw_pstate sme ssbd mba sev ibpb stibp vmmcall sev_es fsgsbase bmi1 avx2 smep bmi2 cqm rdt_a rdseed adx smap clflushopt clwb sha_ni xsaveopt xsavec xgetbv1 xsaves cqm_llc cqm_occup_llc cqm_mbm_total cqm_mbm_local clzero irperf xsaveerptr rdpru wbnoinvd arat npt lbrv svm_lock nrip_save tsc_scale vmcb_clean flushbyasid decodeassists pausefilter pfthreshold avic v_vmsave_vmload vgif umip rdpid overflow_recov succor smca
bugs		: sysret_ss_attrs spectre_v1 spectre_v2 spec_store_bypass
bogomips	: 7600.12
TLB size	: 3072 4K pages
clflush size	: 64
cache_alignment	: 64
address sizes	: 43 bits physical, 48 bits virtual
power management: ts ttp tm hwpstate cpb eff_freq_ro [13] [14]



Memory: 4k page, physical 32828104k(11163804k free), swap 2097148k(610868k free)

vm_info: OpenJDK 64-Bit Server VM (25.292-b10) for linux-amd64 JRE (1.8.0_292-8u292-b10-0ubuntu1~20.04-b10), built on Apr 21 2021 11:46:09 by "buildd" with gcc 9.3.0

time: Fri Oct  1 10:18:08 2021
timezone: CEST
elapsed time: 810.470975 seconds (0d 0h 13m 30s)

